yarn run v1.22.22
$ next build
  ▲ Next.js 14.2.3

   Creating an optimized production build ...
 ✓ Compiled successfully
   Skipping linting
   Checking validity of types ...
   Collecting page data ...
   Generating static pages (0/29) ...
ReferenceError: window is not defined
    at i (/Users/c02x6441jgh5/Documents/projects/NeuroWealth-Frontend/.next/server/chunks/5771.js:1:15819)
    at nj (/Users/c02x6441jgh5/Documents/projects/NeuroWealth-Frontend/node_modules/next/dist/compiled/next-server/app-page.runtime.prod.js:12:46251)
    at nM (/Users/c02x6441jgh5/Documents/projects/NeuroWealth-Frontend/node_modules/next/dist/compiled/next-server/app-page.runtime.prod.js:12:47571)
    at nM (/Users/c02x6441jgh5/Documents/projects/NeuroWealth-Frontend/node_modules/next/dist/compiled/next-server/app-page.runtime.prod.js:12:61546)
    at nN (/Users/c02x6441jgh5/Documents/projects/NeuroWealth-Frontend/node_modules/next/dist/compiled/next-server/app-page.runtime.prod.js:12:64546)
    at nB (/Users/c02x6441jgh5/Documents/projects/NeuroWealth-Frontend/node_modules/next/dist/compiled/next-server/app-page.runtime.prod.js:12:67538)
    at nD (/Users/c02x6441jgh5/Documents/projects/NeuroWealth-Frontend/node_modules/next/dist/compiled/next-server/app-page.runtime.prod.js:12:66680)
    at nN (/Users/c02x6441jgh5/Documents/projects/NeuroWealth-Frontend/node_modules/next/dist/compiled/next-server/app-page.runtime.prod.js:12:64853)
    at nO (/Users/c02x6441jgh5/Documents/projects/NeuroWealth-Frontend/node_modules/next/dist/compiled/next-server/app-page.runtime.prod.js:12:46706)
    at nM (/Users/c02x6441jgh5/Documents/projects/NeuroWealth-Frontend/node_modules/next/dist/compiled/next-server/app-page.runtime.prod.js:12:47432) {
  digest: '4281764241'
}

Error occurred prerendering page "/unauthorized". Read more: https://nextjs.org/docs/messages/prerender-error

ReferenceError: window is not defined
    at i (/Users/c02x6441jgh5/Documents/projects/NeuroWealth-Frontend/.next/server/chunks/5771.js:1:15819)
    at nj (/Users/c02x6441jgh5/Documents/projects/NeuroWealth-Frontend/node_modules/next/dist/compiled/next-server/app-page.runtime.prod.js:12:46251)
    at nM (/Users/c02x6441jgh5/Documents/projects/NeuroWealth-Frontend/node_modules/next/dist/compiled/next-server/app-page.runtime.prod.js:12:47571)
    at nM (/Users/c02x6441jgh5/Documents/projects/NeuroWealth-Frontend/node_modules/next/dist/compiled/next-server/app-page.runtime.prod.js:12:61546)
    at nN (/Users/c02x6441jgh5/Documents/projects/NeuroWealth-Frontend/node_modules/next/dist/compiled/next-server/app-page.runtime.prod.js:12:64546)
    at nB (/Users/c02x6441jgh5/Documents/projects/NeuroWealth-Frontend/node_modules/next/dist/compiled/next-server/app-page.runtime.prod.js:12:67538)
    at nD (/Users/c02x6441jgh5/Documents/projects/NeuroWealth-Frontend/node_modules/next/dist/compiled/next-server/app-page.runtime.prod.js:12:66680)
    at nN (/Users/c02x6441jgh5/Documents/projects/NeuroWealth-Frontend/node_modules/next/dist/compiled/next-server/app-page.runtime.prod.js:12:64853)
    at nO (/Users/c02x6441jgh5/Documents/projects/NeuroWealth-Frontend/node_modules/next/dist/compiled/next-server/app-page.runtime.prod.js:12:46706)
    at nM (/Users/c02x6441jgh5/Documents/projects/NeuroWealth-Frontend/node_modules/next/dist/compiled/next-server/app-page.runtime.prod.js:12:47432)
ReferenceError: window is not defined
    at i (/Users/c02x6441jgh5/Documents/projects/NeuroWealth-Frontend/.next/server/chunks/5771.js:1:15819)
    at nj (/Users/c02x6441jgh5/Documents/projects/NeuroWealth-Frontend/node_modules/next/dist/compiled/next-server/app-page.runtime.prod.js:12:46251)
    at nM (/Users/c02x6441jgh5/Documents/projects/NeuroWealth-Frontend/node_modules/next/dist/compiled/next-server/app-page.runtime.prod.js:12:47571)
    at nM (/Users/c02x6441jgh5/Documents/projects/NeuroWealth-Frontend/node_modules/next/dist/compiled/next-server/app-page.runtime.prod.js:12:61546)
    at nN (/Users/c02x6441jgh5/Documents/projects/NeuroWealth-Frontend/node_modules/next/dist/compiled/next-server/app-page.runtime.prod.js:12:64546)
    at nB (/Users/c02x6441jgh5/Documents/projects/NeuroWealth-Frontend/node_modules/next/dist/compiled/next-server/app-page.runtime.prod.js:12:67538)
    at nD (/Users/c02x6441jgh5/Documents/projects/NeuroWealth-Frontend/node_modules/next/dist/compiled/next-server/app-page.runtime.prod.js:12:66680)
    at nN (/Users/c02x6441jgh5/Documents/projects/NeuroWealth-Frontend/node_modules/next/dist/compiled/next-server/app-page.runtime.prod.js:12:64853)
    at nO (/Users/c02x6441jgh5/Documents/projects/NeuroWealth-Frontend/node_modules/next/dist/compiled/next-server/app-page.runtime.prod.js:12:46706)
    at nM (/Users/c02x6441jgh5/Documents/projects/NeuroWealth-Frontend/node_modules/next/dist/compiled/next-server/app-page.runtime.prod.js:12:47432) {
  digest: '4281764241'
}

Error occurred prerendering page "/forbidden". Read more: https://nextjs.org/docs/messages/prerender-error

ReferenceError: window is not defined
    at i (/Users/c02x6441jgh5/Documents/projects/NeuroWealth-Frontend/.next/server/chunks/5771.js:1:15819)
    at nj (/Users/c02x6441jgh5/Documents/projects/NeuroWealth-Frontend/node_modules/next/dist/compiled/next-server/app-page.runtime.prod.js:12:46251)
    at nM (/Users/c02x6441jgh5/Documents/projects/NeuroWealth-Frontend/node_modules/next/dist/compiled/next-server/app-page.runtime.prod.js:12:47571)
    at nM (/Users/c02x6441jgh5/Documents/projects/NeuroWealth-Frontend/node_modules/next/dist/compiled/next-server/app-page.runtime.prod.js:12:61546)
    at nN (/Users/c02x6441jgh5/Documents/projects/NeuroWealth-Frontend/node_modules/next/dist/compiled/next-server/app-page.runtime.prod.js:12:64546)
    at nB (/Users/c02x6441jgh5/Documents/projects/NeuroWealth-Frontend/node_modules/next/dist/compiled/next-server/app-page.runtime.prod.js:12:67538)
    at nD (/Users/c02x6441jgh5/Documents/projects/NeuroWealth-Frontend/node_modules/next/dist/compiled/next-server/app-page.runtime.prod.js:12:66680)
    at nN (/Users/c02x6441jgh5/Documents/projects/NeuroWealth-Frontend/node_modules/next/dist/compiled/next-server/app-page.runtime.prod.js:12:64853)
    at nO (/Users/c02x6441jgh5/Documents/projects/NeuroWealth-Frontend/node_modules/next/dist/compiled/next-server/app-page.runtime.prod.js:12:46706)
    at nM (/Users/c02x6441jgh5/Documents/projects/NeuroWealth-Frontend/node_modules/next/dist/compiled/next-server/app-page.runtime.prod.js:12:47432)
ReferenceError: window is not defined
    at i (/Users/c02x6441jgh5/Documents/projects/NeuroWealth-Frontend/.next/server/chunks/5771.js:1:15819)
    at nj (/Users/c02x6441jgh5/Documents/projects/NeuroWealth-Frontend/node_modules/next/dist/compiled/next-server/app-page.runtime.prod.js:12:46251)
    at nM (/Users/c02x6441jgh5/Documents/projects/NeuroWealth-Frontend/node_modules/next/dist/compiled/next-server/app-page.runtime.prod.js:12:47571)
    at nM (/Users/c02x6441jgh5/Documents/projects/NeuroWealth-Frontend/node_modules/next/dist/compiled/next-server/app-page.runtime.prod.js:12:61546)
    at nN (/Users/c02x6441jgh5/Documents/projects/NeuroWealth-Frontend/node_modules/next/dist/compiled/next-server/app-page.runtime.prod.js:12:64546)
    at nB (/Users/c02x6441jgh5/Documents/projects/NeuroWealth-Frontend/node_modules/next/dist/compiled/next-server/app-page.runtime.prod.js:12:67538)
    at nD (/Users/c02x6441jgh5/Documents/projects/NeuroWealth-Frontend/node_modules/next/dist/compiled/next-server/app-page.runtime.prod.js:12:66680)
    at nN (/Users/c02x6441jgh5/Documents/projects/NeuroWealth-Frontend/node_modules/next/dist/compiled/next-server/app-page.runtime.prod.js:12:64853)
    at nO (/Users/c02x6441jgh5/Documents/projects/NeuroWealth-Frontend/node_modules/next/dist/compiled/next-server/app-page.runtime.prod.js:12:46706)
    at nM (/Users/c02x6441jgh5/Documents/projects/NeuroWealth-Frontend/node_modules/next/dist/compiled/next-server/app-page.runtime.prod.js:12:47432) {
  digest: '4281764241'
}

Error occurred prerendering page "/signup". Read more: https://nextjs.org/docs/messages/prerender-error

ReferenceError: window is not defined
    at i (/Users/c02x6441jgh5/Documents/projects/NeuroWealth-Frontend/.next/server/chunks/5771.js:1:15819)
    at nj (/Users/c02x6441jgh5/Documents/projects/NeuroWealth-Frontend/node_modules/next/dist/compiled/next-server/app-page.runtime.prod.js:12:46251)
    at nM (/Users/c02x6441jgh5/Documents/projects/NeuroWealth-Frontend/node_modules/next/dist/compiled/next-server/app-page.runtime.prod.js:12:47571)
    at nM (/Users/c02x6441jgh5/Documents/projects/NeuroWealth-Frontend/node_modules/next/dist/compiled/next-server/app-page.runtime.prod.js:12:61546)
    at nN (/Users/c02x6441jgh5/Documents/projects/NeuroWealth-Frontend/node_modules/next/dist/compiled/next-server/app-page.runtime.prod.js:12:64546)
    at nB (/Users/c02x6441jgh5/Documents/projects/NeuroWealth-Frontend/node_modules/next/dist/compiled/next-server/app-page.runtime.prod.js:12:67538)
    at nD (/Users/c02x6441jgh5/Documents/projects/NeuroWealth-Frontend/node_modules/next/dist/compiled/next-server/app-page.runtime.prod.js:12:66680)
    at nN (/Users/c02x6441jgh5/Documents/projects/NeuroWealth-Frontend/node_modules/next/dist/compiled/next-server/app-page.runtime.prod.js:12:64853)
    at nO (/Users/c02x6441jgh5/Documents/projects/NeuroWealth-Frontend/node_modules/next/dist/compiled/next-server/app-page.runtime.prod.js:12:46706)
    at nM (/Users/c02x6441jgh5/Documents/projects/NeuroWealth-Frontend/node_modules/next/dist/compiled/next-server/app-page.runtime.prod.js:12:47432)
ReferenceError: window is not defined
    at i (/Users/c02x6441jgh5/Documents/projects/NeuroWealth-Frontend/.next/server/chunks/5771.js:1:15819)
    at nj (/Users/c02x6441jgh5/Documents/projects/NeuroWealth-Frontend/node_modules/next/dist/compiled/next-server/app-page.runtime.prod.js:12:46251)
    at nM (/Users/c02x6441jgh5/Documents/projects/NeuroWealth-Frontend/node_modules/next/dist/compiled/next-server/app-page.runtime.prod.js:12:47571)
    at nM (/Users/c02x6441jgh5/Documents/projects/NeuroWealth-Frontend/node_modules/next/dist/compiled/next-server/app-page.runtime.prod.js:12:61546)
    at nN (/Users/c02x6441jgh5/Documents/projects/NeuroWealth-Frontend/node_modules/next/dist/compiled/next-server/app-page.runtime.prod.js:12:64546)
    at nB (/Users/c02x6441jgh5/Documents/projects/NeuroWealth-Frontend/node_modules/next/dist/compiled/next-server/app-page.runtime.prod.js:12:67538)
    at nD (/Users/c02x6441jgh5/Documents/projects/NeuroWealth-Frontend/node_modules/next/dist/compiled/next-server/app-page.runtime.prod.js:12:66680)
    at nN (/Users/c02x6441jgh5/Documents/projects/NeuroWealth-Frontend/node_modules/next/dist/compiled/next-server/app-page.runtime.prod.js:12:64853)
    at nO (/Users/c02x6441jgh5/Documents/projects/NeuroWealth-Frontend/node_modules/next/dist/compiled/next-server/app-page.runtime.prod.js:12:46706)
    at nM (/Users/c02x6441jgh5/Documents/projects/NeuroWealth-Frontend/node_modules/next/dist/compiled/next-server/app-page.runtime.prod.js:12:47432) {
  digest: '4281764241'
}

Error occurred prerendering page "/signin". Read more: https://nextjs.org/docs/messages/prerender-error

ReferenceError: window is not defined
    at i (/Users/c02x6441jgh5/Documents/projects/NeuroWealth-Frontend/.next/server/chunks/5771.js:1:15819)
    at nj (/Users/c02x6441jgh5/Documents/projects/NeuroWealth-Frontend/node_modules/next/dist/compiled/next-server/app-page.runtime.prod.js:12:46251)
    at nM (/Users/c02x6441jgh5/Documents/projects/NeuroWealth-Frontend/node_modules/next/dist/compiled/next-server/app-page.runtime.prod.js:12:47571)
    at nM (/Users/c02x6441jgh5/Documents/projects/NeuroWealth-Frontend/node_modules/next/dist/compiled/next-server/app-page.runtime.prod.js:12:61546)
    at nN (/Users/c02x6441jgh5/Documents/projects/NeuroWealth-Frontend/node_modules/next/dist/compiled/next-server/app-page.runtime.prod.js:12:64546)
    at nB (/Users/c02x6441jgh5/Documents/projects/NeuroWealth-Frontend/node_modules/next/dist/compiled/next-server/app-page.runtime.prod.js:12:67538)
    at nD (/Users/c02x6441jgh5/Documents/projects/NeuroWealth-Frontend/node_modules/next/dist/compiled/next-server/app-page.runtime.prod.js:12:66680)
    at nN (/Users/c02x6441jgh5/Documents/projects/NeuroWealth-Frontend/node_modules/next/dist/compiled/next-server/app-page.runtime.prod.js:12:64853)
    at nO (/Users/c02x6441jgh5/Documents/projects/NeuroWealth-Frontend/node_modules/next/dist/compiled/next-server/app-page.runtime.prod.js:12:46706)
    at nM (/Users/c02x6441jgh5/Documents/projects/NeuroWealth-Frontend/node_modules/next/dist/compiled/next-server/app-page.runtime.prod.js:12:47432)
ReferenceError: window is not defined
    at i (/Users/c02x6441jgh5/Documents/projects/NeuroWealth-Frontend/.next/server/chunks/5771.js:1:15819)
    at nj (/Users/c02x6441jgh5/Documents/projects/NeuroWealth-Frontend/node_modules/next/dist/compiled/next-server/app-page.runtime.prod.js:12:46251)
    at nM (/Users/c02x6441jgh5/Documents/projects/NeuroWealth-Frontend/node_modules/next/dist/compiled/next-server/app-page.runtime.prod.js:12:47571)
    at nM (/Users/c02x6441jgh5/Documents/projects/NeuroWealth-Frontend/node_modules/next/dist/compiled/next-server/app-page.runtime.prod.js:12:61546)
    at nN (/Users/c02x6441jgh5/Documents/projects/NeuroWealth-Frontend/node_modules/next/dist/compiled/next-server/app-page.runtime.prod.js:12:64546)
    at nB (/Users/c02x6441jgh5/Documents/projects/NeuroWealth-Frontend/node_modules/next/dist/compiled/next-server/app-page.runtime.prod.js:12:67538)
    at nD (/Users/c02x6441jgh5/Documents/projects/NeuroWealth-Frontend/node_modules/next/dist/compiled/next-server/app-page.runtime.prod.js:12:66680)
    at nN (/Users/c02x6441jgh5/Documents/projects/NeuroWealth-Frontend/node_modules/next/dist/compiled/next-server/app-page.runtime.prod.js:12:64853)
    at nO (/Users/c02x6441jgh5/Documents/projects/NeuroWealth-Frontend/node_modules/next/dist/compiled/next-server/app-page.runtime.prod.js:12:46706)
    at nM (/Users/c02x6441jgh5/Documents/projects/NeuroWealth-Frontend/node_modules/next/dist/compiled/next-server/app-page.runtime.prod.js:12:47432) {
  digest: '4281764241'
}

Error occurred prerendering page "/_not-found". Read more: https://nextjs.org/docs/messages/prerender-error

ReferenceError: window is not defined
    at i (/Users/c02x6441jgh5/Documents/projects/NeuroWealth-Frontend/.next/server/chunks/5771.js:1:15819)
    at nj (/Users/c02x6441jgh5/Documents/projects/NeuroWealth-Frontend/node_modules/next/dist/compiled/next-server/app-page.runtime.prod.js:12:46251)
    at nM (/Users/c02x6441jgh5/Documents/projects/NeuroWealth-Frontend/node_modules/next/dist/compiled/next-server/app-page.runtime.prod.js:12:47571)
    at nM (/Users/c02x6441jgh5/Documents/projects/NeuroWealth-Frontend/node_modules/next/dist/compiled/next-server/app-page.runtime.prod.js:12:61546)
    at nN (/Users/c02x6441jgh5/Documents/projects/NeuroWealth-Frontend/node_modules/next/dist/compiled/next-server/app-page.runtime.prod.js:12:64546)
    at nB (/Users/c02x6441jgh5/Documents/projects/NeuroWealth-Frontend/node_modules/next/dist/compiled/next-server/app-page.runtime.prod.js:12:67538)
    at nD (/Users/c02x6441jgh5/Documents/projects/NeuroWealth-Frontend/node_modules/next/dist/compiled/next-server/app-page.runtime.prod.js:12:66680)
    at nN (/Users/c02x6441jgh5/Documents/projects/NeuroWealth-Frontend/node_modules/next/dist/compiled/next-server/app-page.runtime.prod.js:12:64853)
    at nO (/Users/c02x6441jgh5/Documents/projects/NeuroWealth-Frontend/node_modules/next/dist/compiled/next-server/app-page.runtime.prod.js:12:46706)
    at nM (/Users/c02x6441jgh5/Documents/projects/NeuroWealth-Frontend/node_modules/next/dist/compiled/next-server/app-page.runtime.prod.js:12:47432)
ReferenceError: window is not defined
    at i (/Users/c02x6441jgh5/Documents/projects/NeuroWealth-Frontend/.next/server/chunks/5771.js:1:15819)
    at nj (/Users/c02x6441jgh5/Documents/projects/NeuroWealth-Frontend/node_modules/next/dist/compiled/next-server/app-page.runtime.prod.js:12:46251)
    at nM (/Users/c02x6441jgh5/Documents/projects/NeuroWealth-Frontend/node_modules/next/dist/compiled/next-server/app-page.runtime.prod.js:12:47571)
    at nM (/Users/c02x6441jgh5/Documents/projects/NeuroWealth-Frontend/node_modules/next/dist/compiled/next-server/app-page.runtime.prod.js:12:61546)
    at nN (/Users/c02x6441jgh5/Documents/projects/NeuroWealth-Frontend/node_modules/next/dist/compiled/next-server/app-page.runtime.prod.js:12:64546)
    at nB (/Users/c02x6441jgh5/Documents/projects/NeuroWealth-Frontend/node_modules/next/dist/compiled/next-server/app-page.runtime.prod.js:12:67538)
    at nD (/Users/c02x6441jgh5/Documents/projects/NeuroWealth-Frontend/node_modules/next/dist/compiled/next-server/app-page.runtime.prod.js:12:66680)
    at nN (/Users/c02x6441jgh5/Documents/projects/NeuroWealth-Frontend/node_modules/next/dist/compiled/next-server/app-page.runtime.prod.js:12:64853)
    at nO (/Users/c02x6441jgh5/Documents/projects/NeuroWealth-Frontend/node_modules/next/dist/compiled/next-server/app-page.runtime.prod.js:12:46706)
    at nM (/Users/c02x6441jgh5/Documents/projects/NeuroWealth-Frontend/node_modules/next/dist/compiled/next-server/app-page.runtime.prod.js:12:47432) {
  digest: '4281764241'
}

Error occurred prerendering page "/login". Read more: https://nextjs.org/docs/messages/prerender-error

ReferenceError: window is not defined
    at i (/Users/c02x6441jgh5/Documents/projects/NeuroWealth-Frontend/.next/server/chunks/5771.js:1:15819)
    at nj (/Users/c02x6441jgh5/Documents/projects/NeuroWealth-Frontend/node_modules/next/dist/compiled/next-server/app-page.runtime.prod.js:12:46251)
    at nM (/Users/c02x6441jgh5/Documents/projects/NeuroWealth-Frontend/node_modules/next/dist/compiled/next-server/app-page.runtime.prod.js:12:47571)
    at nM (/Users/c02x6441jgh5/Documents/projects/NeuroWealth-Frontend/node_modules/next/dist/compiled/next-server/app-page.runtime.prod.js:12:61546)
    at nN (/Users/c02x6441jgh5/Documents/projects/NeuroWealth-Frontend/node_modules/next/dist/compiled/next-server/app-page.runtime.prod.js:12:64546)
    at nB (/Users/c02x6441jgh5/Documents/projects/NeuroWealth-Frontend/node_modules/next/dist/compiled/next-server/app-page.runtime.prod.js:12:67538)
    at nD (/Users/c02x6441jgh5/Documents/projects/NeuroWealth-Frontend/node_modules/next/dist/compiled/next-server/app-page.runtime.prod.js:12:66680)
    at nN (/Users/c02x6441jgh5/Documents/projects/NeuroWealth-Frontend/node_modules/next/dist/compiled/next-server/app-page.runtime.prod.js:12:64853)
    at nO (/Users/c02x6441jgh5/Documents/projects/NeuroWealth-Frontend/node_modules/next/dist/compiled/next-server/app-page.runtime.prod.js:12:46706)
    at nM (/Users/c02x6441jgh5/Documents/projects/NeuroWealth-Frontend/node_modules/next/dist/compiled/next-server/app-page.runtime.prod.js:12:47432)
   Generating static pages (7/29) 
ReferenceError: window is not defined
    at i (/Users/c02x6441jgh5/Documents/projects/NeuroWealth-Frontend/.next/server/chunks/5771.js:1:15819)
    at nj (/Users/c02x6441jgh5/Documents/projects/NeuroWealth-Frontend/node_modules/next/dist/compiled/next-server/app-page.runtime.prod.js:12:46251)
    at nM (/Users/c02x6441jgh5/Documents/projects/NeuroWealth-Frontend/node_modules/next/dist/compiled/next-server/app-page.runtime.prod.js:12:47571)
    at nM (/Users/c02x6441jgh5/Documents/projects/NeuroWealth-Frontend/node_modules/next/dist/compiled/next-server/app-page.runtime.prod.js:12:61546)
    at nN (/Users/c02x6441jgh5/Documents/projects/NeuroWealth-Frontend/node_modules/next/dist/compiled/next-server/app-page.runtime.prod.js:12:64546)
    at nB (/Users/c02x6441jgh5/Documents/projects/NeuroWealth-Frontend/node_modules/next/dist/compiled/next-server/app-page.runtime.prod.js:12:67538)
    at nD (/Users/c02x6441jgh5/Documents/projects/NeuroWealth-Frontend/node_modules/next/dist/compiled/next-server/app-page.runtime.prod.js:12:66680)
    at nN (/Users/c02x6441jgh5/Documents/projects/NeuroWealth-Frontend/node_modules/next/dist/compiled/next-server/app-page.runtime.prod.js:12:64853)
    at nO (/Users/c02x6441jgh5/Documents/projects/NeuroWealth-Frontend/node_modules/next/dist/compiled/next-server/app-page.runtime.prod.js:12:46706)
    at nM (/Users/c02x6441jgh5/Documents/projects/NeuroWealth-Frontend/node_modules/next/dist/compiled/next-server/app-page.runtime.prod.js:12:47432) {
  digest: '4281764241'
}

Error occurred prerendering page "/dashboard/audit". Read more: https://nextjs.org/docs/messages/prerender-error

ReferenceError: window is not defined
    at i (/Users/c02x6441jgh5/Documents/projects/NeuroWealth-Frontend/.next/server/chunks/5771.js:1:15819)
    at nj (/Users/c02x6441jgh5/Documents/projects/NeuroWealth-Frontend/node_modules/next/dist/compiled/next-server/app-page.runtime.prod.js:12:46251)
    at nM (/Users/c02x6441jgh5/Documents/projects/NeuroWealth-Frontend/node_modules/next/dist/compiled/next-server/app-page.runtime.prod.js:12:47571)
    at nM (/Users/c02x6441jgh5/Documents/projects/NeuroWealth-Frontend/node_modules/next/dist/compiled/next-server/app-page.runtime.prod.js:12:61546)
    at nN (/Users/c02x6441jgh5/Documents/projects/NeuroWealth-Frontend/node_modules/next/dist/compiled/next-server/app-page.runtime.prod.js:12:64546)
    at nB (/Users/c02x6441jgh5/Documents/projects/NeuroWealth-Frontend/node_modules/next/dist/compiled/next-server/app-page.runtime.prod.js:12:67538)
    at nD (/Users/c02x6441jgh5/Documents/projects/NeuroWealth-Frontend/node_modules/next/dist/compiled/next-server/app-page.runtime.prod.js:12:66680)
    at nN (/Users/c02x6441jgh5/Documents/projects/NeuroWealth-Frontend/node_modules/next/dist/compiled/next-server/app-page.runtime.prod.js:12:64853)
    at nO (/Users/c02x6441jgh5/Documents/projects/NeuroWealth-Frontend/node_modules/next/dist/compiled/next-server/app-page.runtime.prod.js:12:46706)
    at nM (/Users/c02x6441jgh5/Documents/projects/NeuroWealth-Frontend/node_modules/next/dist/compiled/next-server/app-page.runtime.prod.js:12:47432)
ReferenceError: window is not defined
    at i (/Users/c02x6441jgh5/Documents/projects/NeuroWealth-Frontend/.next/server/chunks/5771.js:1:15819)
    at nj (/Users/c02x6441jgh5/Documents/projects/NeuroWealth-Frontend/node_modules/next/dist/compiled/next-server/app-page.runtime.prod.js:12:46251)
    at nM (/Users/c02x6441jgh5/Documents/projects/NeuroWealth-Frontend/node_modules/next/dist/compiled/next-server/app-page.runtime.prod.js:12:47571)
    at nM (/Users/c02x6441jgh5/Documents/projects/NeuroWealth-Frontend/node_modules/next/dist/compiled/next-server/app-page.runtime.prod.js:12:61546)
    at nN (/Users/c02x6441jgh5/Documents/projects/NeuroWealth-Frontend/node_modules/next/dist/compiled/next-server/app-page.runtime.prod.js:12:64546)
    at nB (/Users/c02x6441jgh5/Documents/projects/NeuroWealth-Frontend/node_modules/next/dist/compiled/next-server/app-page.runtime.prod.js:12:67538)
    at nD (/Users/c02x6441jgh5/Documents/projects/NeuroWealth-Frontend/node_modules/next/dist/compiled/next-server/app-page.runtime.prod.js:12:66680)
    at nN (/Users/c02x6441jgh5/Documents/projects/NeuroWealth-Frontend/node_modules/next/dist/compiled/next-server/app-page.runtime.prod.js:12:64853)
    at nO (/Users/c02x6441jgh5/Documents/projects/NeuroWealth-Frontend/node_modules/next/dist/compiled/next-server/app-page.runtime.prod.js:12:46706)
    at nM (/Users/c02x6441jgh5/Documents/projects/NeuroWealth-Frontend/node_modules/next/dist/compiled/next-server/app-page.runtime.prod.js:12:47432) {
  digest: '4281764241'
}

Error occurred prerendering page "/dashboard/async-states". Read more: https://nextjs.org/docs/messages/prerender-error

ReferenceError: window is not defined
    at i (/Users/c02x6441jgh5/Documents/projects/NeuroWealth-Frontend/.next/server/chunks/5771.js:1:15819)
    at nj (/Users/c02x6441jgh5/Documents/projects/NeuroWealth-Frontend/node_modules/next/dist/compiled/next-server/app-page.runtime.prod.js:12:46251)
    at nM (/Users/c02x6441jgh5/Documents/projects/NeuroWealth-Frontend/node_modules/next/dist/compiled/next-server/app-page.runtime.prod.js:12:47571)
    at nM (/Users/c02x6441jgh5/Documents/projects/NeuroWealth-Frontend/node_modules/next/dist/compiled/next-server/app-page.runtime.prod.js:12:61546)
    at nN (/Users/c02x6441jgh5/Documents/projects/NeuroWealth-Frontend/node_modules/next/dist/compiled/next-server/app-page.runtime.prod.js:12:64546)
    at nB (/Users/c02x6441jgh5/Documents/projects/NeuroWealth-Frontend/node_modules/next/dist/compiled/next-server/app-page.runtime.prod.js:12:67538)
    at nD (/Users/c02x6441jgh5/Documents/projects/NeuroWealth-Frontend/node_modules/next/dist/compiled/next-server/app-page.runtime.prod.js:12:66680)
    at nN (/Users/c02x6441jgh5/Documents/projects/NeuroWealth-Frontend/node_modules/next/dist/compiled/next-server/app-page.runtime.prod.js:12:64853)
    at nO (/Users/c02x6441jgh5/Documents/projects/NeuroWealth-Frontend/node_modules/next/dist/compiled/next-server/app-page.runtime.prod.js:12:46706)
    at nM (/Users/c02x6441jgh5/Documents/projects/NeuroWealth-Frontend/node_modules/next/dist/compiled/next-server/app-page.runtime.prod.js:12:47432)
ReferenceError: window is not defined
    at i (/Users/c02x6441jgh5/Documents/projects/NeuroWealth-Frontend/.next/server/chunks/5771.js:1:15819)
    at nj (/Users/c02x6441jgh5/Documents/projects/NeuroWealth-Frontend/node_modules/next/dist/compiled/next-server/app-page.runtime.prod.js:12:46251)
    at nM (/Users/c02x6441jgh5/Documents/projects/NeuroWealth-Frontend/node_modules/next/dist/compiled/next-server/app-page.runtime.prod.js:12:47571)
    at nM (/Users/c02x6441jgh5/Documents/projects/NeuroWealth-Frontend/node_modules/next/dist/compiled/next-server/app-page.runtime.prod.js:12:61546)
    at nN (/Users/c02x6441jgh5/Documents/projects/NeuroWealth-Frontend/node_modules/next/dist/compiled/next-server/app-page.runtime.prod.js:12:64546)
    at nB (/Users/c02x6441jgh5/Documents/projects/NeuroWealth-Frontend/node_modules/next/dist/compiled/next-server/app-page.runtime.prod.js:12:67538)
    at nD (/Users/c02x6441jgh5/Documents/projects/NeuroWealth-Frontend/node_modules/next/dist/compiled/next-server/app-page.runtime.prod.js:12:66680)
    at nN (/Users/c02x6441jgh5/Documents/projects/NeuroWealth-Frontend/node_modules/next/dist/compiled/next-server/app-page.runtime.prod.js:12:64853)
    at nO (/Users/c02x6441jgh5/Documents/projects/NeuroWealth-Frontend/node_modules/next/dist/compiled/next-server/app-page.runtime.prod.js:12:46706)
    at nM (/Users/c02x6441jgh5/Documents/projects/NeuroWealth-Frontend/node_modules/next/dist/compiled/next-server/app-page.runtime.prod.js:12:47432) {
  digest: '4281764241'
}

Error occurred prerendering page "/dashboard/settings/security". Read more: https://nextjs.org/docs/messages/prerender-error

ReferenceError: window is not defined
    at i (/Users/c02x6441jgh5/Documents/projects/NeuroWealth-Frontend/.next/server/chunks/5771.js:1:15819)
    at nj (/Users/c02x6441jgh5/Documents/projects/NeuroWealth-Frontend/node_modules/next/dist/compiled/next-server/app-page.runtime.prod.js:12:46251)
    at nM (/Users/c02x6441jgh5/Documents/projects/NeuroWealth-Frontend/node_modules/next/dist/compiled/next-server/app-page.runtime.prod.js:12:47571)
    at nM (/Users/c02x6441jgh5/Documents/projects/NeuroWealth-Frontend/node_modules/next/dist/compiled/next-server/app-page.runtime.prod.js:12:61546)
    at nN (/Users/c02x6441jgh5/Documents/projects/NeuroWealth-Frontend/node_modules/next/dist/compiled/next-server/app-page.runtime.prod.js:12:64546)
    at nB (/Users/c02x6441jgh5/Documents/projects/NeuroWealth-Frontend/node_modules/next/dist/compiled/next-server/app-page.runtime.prod.js:12:67538)
    at nD (/Users/c02x6441jgh5/Documents/projects/NeuroWealth-Frontend/node_modules/next/dist/compiled/next-server/app-page.runtime.prod.js:12:66680)
    at nN (/Users/c02x6441jgh5/Documents/projects/NeuroWealth-Frontend/node_modules/next/dist/compiled/next-server/app-page.runtime.prod.js:12:64853)
    at nO (/Users/c02x6441jgh5/Documents/projects/NeuroWealth-Frontend/node_modules/next/dist/compiled/next-server/app-page.runtime.prod.js:12:46706)
    at nM (/Users/c02x6441jgh5/Documents/projects/NeuroWealth-Frontend/node_modules/next/dist/compiled/next-server/app-page.runtime.prod.js:12:47432)
ReferenceError: window is not defined
    at i (/Users/c02x6441jgh5/Documents/projects/NeuroWealth-Frontend/.next/server/chunks/5771.js:1:15819)
    at nj (/Users/c02x6441jgh5/Documents/projects/NeuroWealth-Frontend/node_modules/next/dist/compiled/next-server/app-page.runtime.prod.js:12:46251)
    at nM (/Users/c02x6441jgh5/Documents/projects/NeuroWealth-Frontend/node_modules/next/dist/compiled/next-server/app-page.runtime.prod.js:12:47571)
    at nM (/Users/c02x6441jgh5/Documents/projects/NeuroWealth-Frontend/node_modules/next/dist/compiled/next-server/app-page.runtime.prod.js:12:61546)
    at nN (/Users/c02x6441jgh5/Documents/projects/NeuroWealth-Frontend/node_modules/next/dist/compiled/next-server/app-page.runtime.prod.js:12:64546)
    at nB (/Users/c02x6441jgh5/Documents/projects/NeuroWealth-Frontend/node_modules/next/dist/compiled/next-server/app-page.runtime.prod.js:12:67538)
    at nD (/Users/c02x6441jgh5/Documents/projects/NeuroWealth-Frontend/node_modules/next/dist/compiled/next-server/app-page.runtime.prod.js:12:66680)
    at nN (/Users/c02x6441jgh5/Documents/projects/NeuroWealth-Frontend/node_modules/next/dist/compiled/next-server/app-page.runtime.prod.js:12:64853)
    at nO (/Users/c02x6441jgh5/Documents/projects/NeuroWealth-Frontend/node_modules/next/dist/compiled/next-server/app-page.runtime.prod.js:12:46706)
    at nM (/Users/c02x6441jgh5/Documents/projects/NeuroWealth-Frontend/node_modules/next/dist/compiled/next-server/app-page.runtime.prod.js:12:47432) {
  digest: '4281764241'
}

Error occurred prerendering page "/dashboard/transactions". Read more: https://nextjs.org/docs/messages/prerender-error

ReferenceError: window is not defined
    at i (/Users/c02x6441jgh5/Documents/projects/NeuroWealth-Frontend/.next/server/chunks/5771.js:1:15819)
    at nj (/Users/c02x6441jgh5/Documents/projects/NeuroWealth-Frontend/node_modules/next/dist/compiled/next-server/app-page.runtime.prod.js:12:46251)
    at nM (/Users/c02x6441jgh5/Documents/projects/NeuroWealth-Frontend/node_modules/next/dist/compiled/next-server/app-page.runtime.prod.js:12:47571)
    at nM (/Users/c02x6441jgh5/Documents/projects/NeuroWealth-Frontend/node_modules/next/dist/compiled/next-server/app-page.runtime.prod.js:12:61546)
    at nN (/Users/c02x6441jgh5/Documents/projects/NeuroWealth-Frontend/node_modules/next/dist/compiled/next-server/app-page.runtime.prod.js:12:64546)
    at nB (/Users/c02x6441jgh5/Documents/projects/NeuroWealth-Frontend/node_modules/next/dist/compiled/next-server/app-page.runtime.prod.js:12:67538)
    at nD (/Users/c02x6441jgh5/Documents/projects/NeuroWealth-Frontend/node_modules/next/dist/compiled/next-server/app-page.runtime.prod.js:12:66680)
    at nN (/Users/c02x6441jgh5/Documents/projects/NeuroWealth-Frontend/node_modules/next/dist/compiled/next-server/app-page.runtime.prod.js:12:64853)
    at nO (/Users/c02x6441jgh5/Documents/projects/NeuroWealth-Frontend/node_modules/next/dist/compiled/next-server/app-page.runtime.prod.js:12:46706)
    at nM (/Users/c02x6441jgh5/Documents/projects/NeuroWealth-Frontend/node_modules/next/dist/compiled/next-server/app-page.runtime.prod.js:12:47432)
ReferenceError: window is not defined
    at i (/Users/c02x6441jgh5/Documents/projects/NeuroWealth-Frontend/.next/server/chunks/5771.js:1:15819)
    at nj (/Users/c02x6441jgh5/Documents/projects/NeuroWealth-Frontend/node_modules/next/dist/compiled/next-server/app-page.runtime.prod.js:12:46251)
    at nM (/Users/c02x6441jgh5/Documents/projects/NeuroWealth-Frontend/node_modules/next/dist/compiled/next-server/app-page.runtime.prod.js:12:47571)
    at nM (/Users/c02x6441jgh5/Documents/projects/NeuroWealth-Frontend/node_modules/next/dist/compiled/next-server/app-page.runtime.prod.js:12:61546)
    at nN (/Users/c02x6441jgh5/Documents/projects/NeuroWealth-Frontend/node_modules/next/dist/compiled/next-server/app-page.runtime.prod.js:12:64546)
    at nB (/Users/c02x6441jgh5/Documents/projects/NeuroWealth-Frontend/node_modules/next/dist/compiled/next-server/app-page.runtime.prod.js:12:67538)
    at nD (/Users/c02x6441jgh5/Documents/projects/NeuroWealth-Frontend/node_modules/next/dist/compiled/next-server/app-page.runtime.prod.js:12:66680)
    at nN (/Users/c02x6441jgh5/Documents/projects/NeuroWealth-Frontend/node_modules/next/dist/compiled/next-server/app-page.runtime.prod.js:12:64853)
    at nO (/Users/c02x6441jgh5/Documents/projects/NeuroWealth-Frontend/node_modules/next/dist/compiled/next-server/app-page.runtime.prod.js:12:46706)
    at nM (/Users/c02x6441jgh5/Documents/projects/NeuroWealth-Frontend/node_modules/next/dist/compiled/next-server/app-page.runtime.prod.js:12:47432) {
  digest: '4281764241'
}

Error occurred prerendering page "/docs/tokens". Read more: https://nextjs.org/docs/messages/prerender-error

ReferenceError: window is not defined
    at i (/Users/c02x6441jgh5/Documents/projects/NeuroWealth-Frontend/.next/server/chunks/5771.js:1:15819)
    at nj (/Users/c02x6441jgh5/Documents/projects/NeuroWealth-Frontend/node_modules/next/dist/compiled/next-server/app-page.runtime.prod.js:12:46251)
    at nM (/Users/c02x6441jgh5/Documents/projects/NeuroWealth-Frontend/node_modules/next/dist/compiled/next-server/app-page.runtime.prod.js:12:47571)
    at nM (/Users/c02x6441jgh5/Documents/projects/NeuroWealth-Frontend/node_modules/next/dist/compiled/next-server/app-page.runtime.prod.js:12:61546)
    at nN (/Users/c02x6441jgh5/Documents/projects/NeuroWealth-Frontend/node_modules/next/dist/compiled/next-server/app-page.runtime.prod.js:12:64546)
    at nB (/Users/c02x6441jgh5/Documents/projects/NeuroWealth-Frontend/node_modules/next/dist/compiled/next-server/app-page.runtime.prod.js:12:67538)
    at nD (/Users/c02x6441jgh5/Documents/projects/NeuroWealth-Frontend/node_modules/next/dist/compiled/next-server/app-page.runtime.prod.js:12:66680)
    at nN (/Users/c02x6441jgh5/Documents/projects/NeuroWealth-Frontend/node_modules/next/dist/compiled/next-server/app-page.runtime.prod.js:12:64853)
    at nO (/Users/c02x6441jgh5/Documents/projects/NeuroWealth-Frontend/node_modules/next/dist/compiled/next-server/app-page.runtime.prod.js:12:46706)
    at nM (/Users/c02x6441jgh5/Documents/projects/NeuroWealth-Frontend/node_modules/next/dist/compiled/next-server/app-page.runtime.prod.js:12:47432)
ReferenceError: window is not defined
    at i (/Users/c02x6441jgh5/Documents/projects/NeuroWealth-Frontend/.next/server/chunks/5771.js:1:15819)
    at nj (/Users/c02x6441jgh5/Documents/projects/NeuroWealth-Frontend/node_modules/next/dist/compiled/next-server/app-page.runtime.prod.js:12:46251)
    at nM (/Users/c02x6441jgh5/Documents/projects/NeuroWealth-Frontend/node_modules/next/dist/compiled/next-server/app-page.runtime.prod.js:12:47571)
    at nM (/Users/c02x6441jgh5/Documents/projects/NeuroWealth-Frontend/node_modules/next/dist/compiled/next-server/app-page.runtime.prod.js:12:61546)
    at nN (/Users/c02x6441jgh5/Documents/projects/NeuroWealth-Frontend/node_modules/next/dist/compiled/next-server/app-page.runtime.prod.js:12:64546)
    at nB (/Users/c02x6441jgh5/Documents/projects/NeuroWealth-Frontend/node_modules/next/dist/compiled/next-server/app-page.runtime.prod.js:12:67538)
    at nD (/Users/c02x6441jgh5/Documents/projects/NeuroWealth-Frontend/node_modules/next/dist/compiled/next-server/app-page.runtime.prod.js:12:66680)
    at nN (/Users/c02x6441jgh5/Documents/projects/NeuroWealth-Frontend/node_modules/next/dist/compiled/next-server/app-page.runtime.prod.js:12:64853)
    at nO (/Users/c02x6441jgh5/Documents/projects/NeuroWealth-Frontend/node_modules/next/dist/compiled/next-server/app-page.runtime.prod.js:12:46706)
    at nM (/Users/c02x6441jgh5/Documents/projects/NeuroWealth-Frontend/node_modules/next/dist/compiled/next-server/app-page.runtime.prod.js:12:47432) {
  digest: '4281764241'
}

Error occurred prerendering page "/onboarding". Read more: https://nextjs.org/docs/messages/prerender-error

ReferenceError: window is not defined
    at i (/Users/c02x6441jgh5/Documents/projects/NeuroWealth-Frontend/.next/server/chunks/5771.js:1:15819)
    at nj (/Users/c02x6441jgh5/Documents/projects/NeuroWealth-Frontend/node_modules/next/dist/compiled/next-server/app-page.runtime.prod.js:12:46251)
    at nM (/Users/c02x6441jgh5/Documents/projects/NeuroWealth-Frontend/node_modules/next/dist/compiled/next-server/app-page.runtime.prod.js:12:47571)
    at nM (/Users/c02x6441jgh5/Documents/projects/NeuroWealth-Frontend/node_modules/next/dist/compiled/next-server/app-page.runtime.prod.js:12:61546)
    at nN (/Users/c02x6441jgh5/Documents/projects/NeuroWealth-Frontend/node_modules/next/dist/compiled/next-server/app-page.runtime.prod.js:12:64546)
    at nB (/Users/c02x6441jgh5/Documents/projects/NeuroWealth-Frontend/node_modules/next/dist/compiled/next-server/app-page.runtime.prod.js:12:67538)
    at nD (/Users/c02x6441jgh5/Documents/projects/NeuroWealth-Frontend/node_modules/next/dist/compiled/next-server/app-page.runtime.prod.js:12:66680)
    at nN (/Users/c02x6441jgh5/Documents/projects/NeuroWealth-Frontend/node_modules/next/dist/compiled/next-server/app-page.runtime.prod.js:12:64853)
    at nO (/Users/c02x6441jgh5/Documents/projects/NeuroWealth-Frontend/node_modules/next/dist/compiled/next-server/app-page.runtime.prod.js:12:46706)
    at nM (/Users/c02x6441jgh5/Documents/projects/NeuroWealth-Frontend/node_modules/next/dist/compiled/next-server/app-page.runtime.prod.js:12:47432)
   Generating static pages (14/29) 
ReferenceError: window is not defined
    at i (/Users/c02x6441jgh5/Documents/projects/NeuroWealth-Frontend/.next/server/chunks/5771.js:1:15819)
    at nj (/Users/c02x6441jgh5/Documents/projects/NeuroWealth-Frontend/node_modules/next/dist/compiled/next-server/app-page.runtime.prod.js:12:46251)
    at nM (/Users/c02x6441jgh5/Documents/projects/NeuroWealth-Frontend/node_modules/next/dist/compiled/next-server/app-page.runtime.prod.js:12:47571)
    at nM (/Users/c02x6441jgh5/Documents/projects/NeuroWealth-Frontend/node_modules/next/dist/compiled/next-server/app-page.runtime.prod.js:12:61546)
    at nN (/Users/c02x6441jgh5/Documents/projects/NeuroWealth-Frontend/node_modules/next/dist/compiled/next-server/app-page.runtime.prod.js:12:64546)
    at nB (/Users/c02x6441jgh5/Documents/projects/NeuroWealth-Frontend/node_modules/next/dist/compiled/next-server/app-page.runtime.prod.js:12:67538)
    at nD (/Users/c02x6441jgh5/Documents/projects/NeuroWealth-Frontend/node_modules/next/dist/compiled/next-server/app-page.runtime.prod.js:12:66680)
    at nN (/Users/c02x6441jgh5/Documents/projects/NeuroWealth-Frontend/node_modules/next/dist/compiled/next-server/app-page.runtime.prod.js:12:64853)
    at nO (/Users/c02x6441jgh5/Documents/projects/NeuroWealth-Frontend/node_modules/next/dist/compiled/next-server/app-page.runtime.prod.js:12:46706)
    at nM (/Users/c02x6441jgh5/Documents/projects/NeuroWealth-Frontend/node_modules/next/dist/compiled/next-server/app-page.runtime.prod.js:12:47432) {
  digest: '4281764241'
}

Error occurred prerendering page "/profile". Read more: https://nextjs.org/docs/messages/prerender-error

ReferenceError: window is not defined
    at i (/Users/c02x6441jgh5/Documents/projects/NeuroWealth-Frontend/.next/server/chunks/5771.js:1:15819)
    at nj (/Users/c02x6441jgh5/Documents/projects/NeuroWealth-Frontend/node_modules/next/dist/compiled/next-server/app-page.runtime.prod.js:12:46251)
    at nM (/Users/c02x6441jgh5/Documents/projects/NeuroWealth-Frontend/node_modules/next/dist/compiled/next-server/app-page.runtime.prod.js:12:47571)
    at nM (/Users/c02x6441jgh5/Documents/projects/NeuroWealth-Frontend/node_modules/next/dist/compiled/next-server/app-page.runtime.prod.js:12:61546)
    at nN (/Users/c02x6441jgh5/Documents/projects/NeuroWealth-Frontend/node_modules/next/dist/compiled/next-server/app-page.runtime.prod.js:12:64546)
    at nB (/Users/c02x6441jgh5/Documents/projects/NeuroWealth-Frontend/node_modules/next/dist/compiled/next-server/app-page.runtime.prod.js:12:67538)
    at nD (/Users/c02x6441jgh5/Documents/projects/NeuroWealth-Frontend/node_modules/next/dist/compiled/next-server/app-page.runtime.prod.js:12:66680)
    at nN (/Users/c02x6441jgh5/Documents/projects/NeuroWealth-Frontend/node_modules/next/dist/compiled/next-server/app-page.runtime.prod.js:12:64853)
    at nO (/Users/c02x6441jgh5/Documents/projects/NeuroWealth-Frontend/node_modules/next/dist/compiled/next-server/app-page.runtime.prod.js:12:46706)
    at nM (/Users/c02x6441jgh5/Documents/projects/NeuroWealth-Frontend/node_modules/next/dist/compiled/next-server/app-page.runtime.prod.js:12:47432)
ReferenceError: window is not defined
    at i (/Users/c02x6441jgh5/Documents/projects/NeuroWealth-Frontend/.next/server/chunks/5771.js:1:15819)
    at nj (/Users/c02x6441jgh5/Documents/projects/NeuroWealth-Frontend/node_modules/next/dist/compiled/next-server/app-page.runtime.prod.js:12:46251)
    at nM (/Users/c02x6441jgh5/Documents/projects/NeuroWealth-Frontend/node_modules/next/dist/compiled/next-server/app-page.runtime.prod.js:12:47571)
    at nM (/Users/c02x6441jgh5/Documents/projects/NeuroWealth-Frontend/node_modules/next/dist/compiled/next-server/app-page.runtime.prod.js:12:61546)
    at nN (/Users/c02x6441jgh5/Documents/projects/NeuroWealth-Frontend/node_modules/next/dist/compiled/next-server/app-page.runtime.prod.js:12:64546)
    at nB (/Users/c02x6441jgh5/Documents/projects/NeuroWealth-Frontend/node_modules/next/dist/compiled/next-server/app-page.runtime.prod.js:12:67538)
    at nD (/Users/c02x6441jgh5/Documents/projects/NeuroWealth-Frontend/node_modules/next/dist/compiled/next-server/app-page.runtime.prod.js:12:66680)
    at nN (/Users/c02x6441jgh5/Documents/projects/NeuroWealth-Frontend/node_modules/next/dist/compiled/next-server/app-page.runtime.prod.js:12:64853)
    at nO (/Users/c02x6441jgh5/Documents/projects/NeuroWealth-Frontend/node_modules/next/dist/compiled/next-server/app-page.runtime.prod.js:12:46706)
    at nM (/Users/c02x6441jgh5/Documents/projects/NeuroWealth-Frontend/node_modules/next/dist/compiled/next-server/app-page.runtime.prod.js:12:47432) {
  digest: '4281764241'
}

Error occurred prerendering page "/dashboard/sandbox". Read more: https://nextjs.org/docs/messages/prerender-error

ReferenceError: window is not defined
    at i (/Users/c02x6441jgh5/Documents/projects/NeuroWealth-Frontend/.next/server/chunks/5771.js:1:15819)
    at nj (/Users/c02x6441jgh5/Documents/projects/NeuroWealth-Frontend/node_modules/next/dist/compiled/next-server/app-page.runtime.prod.js:12:46251)
    at nM (/Users/c02x6441jgh5/Documents/projects/NeuroWealth-Frontend/node_modules/next/dist/compiled/next-server/app-page.runtime.prod.js:12:47571)
    at nM (/Users/c02x6441jgh5/Documents/projects/NeuroWealth-Frontend/node_modules/next/dist/compiled/next-server/app-page.runtime.prod.js:12:61546)
    at nN (/Users/c02x6441jgh5/Documents/projects/NeuroWealth-Frontend/node_modules/next/dist/compiled/next-server/app-page.runtime.prod.js:12:64546)
    at nB (/Users/c02x6441jgh5/Documents/projects/NeuroWealth-Frontend/node_modules/next/dist/compiled/next-server/app-page.runtime.prod.js:12:67538)
    at nD (/Users/c02x6441jgh5/Documents/projects/NeuroWealth-Frontend/node_modules/next/dist/compiled/next-server/app-page.runtime.prod.js:12:66680)
    at nN (/Users/c02x6441jgh5/Documents/projects/NeuroWealth-Frontend/node_modules/next/dist/compiled/next-server/app-page.runtime.prod.js:12:64853)
    at nO (/Users/c02x6441jgh5/Documents/projects/NeuroWealth-Frontend/node_modules/next/dist/compiled/next-server/app-page.runtime.prod.js:12:46706)
    at nM (/Users/c02x6441jgh5/Documents/projects/NeuroWealth-Frontend/node_modules/next/dist/compiled/next-server/app-page.runtime.prod.js:12:47432)
ReferenceError: window is not defined
    at i (/Users/c02x6441jgh5/Documents/projects/NeuroWealth-Frontend/.next/server/chunks/5771.js:1:15819)
    at nj (/Users/c02x6441jgh5/Documents/projects/NeuroWealth-Frontend/node_modules/next/dist/compiled/next-server/app-page.runtime.prod.js:12:46251)
    at nM (/Users/c02x6441jgh5/Documents/projects/NeuroWealth-Frontend/node_modules/next/dist/compiled/next-server/app-page.runtime.prod.js:12:47571)
    at nM (/Users/c02x6441jgh5/Documents/projects/NeuroWealth-Frontend/node_modules/next/dist/compiled/next-server/app-page.runtime.prod.js:12:61546)
    at nN (/Users/c02x6441jgh5/Documents/projects/NeuroWealth-Frontend/node_modules/next/dist/compiled/next-server/app-page.runtime.prod.js:12:64546)
    at nB (/Users/c02x6441jgh5/Documents/projects/NeuroWealth-Frontend/node_modules/next/dist/compiled/next-server/app-page.runtime.prod.js:12:67538)
    at nD (/Users/c02x6441jgh5/Documents/projects/NeuroWealth-Frontend/node_modules/next/dist/compiled/next-server/app-page.runtime.prod.js:12:66680)
    at nN (/Users/c02x6441jgh5/Documents/projects/NeuroWealth-Frontend/node_modules/next/dist/compiled/next-server/app-page.runtime.prod.js:12:64853)
    at nO (/Users/c02x6441jgh5/Documents/projects/NeuroWealth-Frontend/node_modules/next/dist/compiled/next-server/app-page.runtime.prod.js:12:46706)
    at nM (/Users/c02x6441jgh5/Documents/projects/NeuroWealth-Frontend/node_modules/next/dist/compiled/next-server/app-page.runtime.prod.js:12:47432) {
  digest: '4281764241'
}

Error occurred prerendering page "/dashboard". Read more: https://nextjs.org/docs/messages/prerender-error

ReferenceError: window is not defined
    at i (/Users/c02x6441jgh5/Documents/projects/NeuroWealth-Frontend/.next/server/chunks/5771.js:1:15819)
    at nj (/Users/c02x6441jgh5/Documents/projects/NeuroWealth-Frontend/node_modules/next/dist/compiled/next-server/app-page.runtime.prod.js:12:46251)
    at nM (/Users/c02x6441jgh5/Documents/projects/NeuroWealth-Frontend/node_modules/next/dist/compiled/next-server/app-page.runtime.prod.js:12:47571)
    at nM (/Users/c02x6441jgh5/Documents/projects/NeuroWealth-Frontend/node_modules/next/dist/compiled/next-server/app-page.runtime.prod.js:12:61546)
    at nN (/Users/c02x6441jgh5/Documents/projects/NeuroWealth-Frontend/node_modules/next/dist/compiled/next-server/app-page.runtime.prod.js:12:64546)
    at nB (/Users/c02x6441jgh5/Documents/projects/NeuroWealth-Frontend/node_modules/next/dist/compiled/next-server/app-page.runtime.prod.js:12:67538)
    at nD (/Users/c02x6441jgh5/Documents/projects/NeuroWealth-Frontend/node_modules/next/dist/compiled/next-server/app-page.runtime.prod.js:12:66680)
    at nN (/Users/c02x6441jgh5/Documents/projects/NeuroWealth-Frontend/node_modules/next/dist/compiled/next-server/app-page.runtime.prod.js:12:64853)
    at nO (/Users/c02x6441jgh5/Documents/projects/NeuroWealth-Frontend/node_modules/next/dist/compiled/next-server/app-page.runtime.prod.js:12:46706)
    at nM (/Users/c02x6441jgh5/Documents/projects/NeuroWealth-Frontend/node_modules/next/dist/compiled/next-server/app-page.runtime.prod.js:12:47432)
ReferenceError: window is not defined
    at i (/Users/c02x6441jgh5/Documents/projects/NeuroWealth-Frontend/.next/server/chunks/5771.js:1:15819)
    at nj (/Users/c02x6441jgh5/Documents/projects/NeuroWealth-Frontend/node_modules/next/dist/compiled/next-server/app-page.runtime.prod.js:12:46251)
    at nM (/Users/c02x6441jgh5/Documents/projects/NeuroWealth-Frontend/node_modules/next/dist/compiled/next-server/app-page.runtime.prod.js:12:47571)
    at nM (/Users/c02x6441jgh5/Documents/projects/NeuroWealth-Frontend/node_modules/next/dist/compiled/next-server/app-page.runtime.prod.js:12:61546)
    at nN (/Users/c02x6441jgh5/Documents/projects/NeuroWealth-Frontend/node_modules/next/dist/compiled/next-server/app-page.runtime.prod.js:12:64546)
    at nB (/Users/c02x6441jgh5/Documents/projects/NeuroWealth-Frontend/node_modules/next/dist/compiled/next-server/app-page.runtime.prod.js:12:67538)
    at nD (/Users/c02x6441jgh5/Documents/projects/NeuroWealth-Frontend/node_modules/next/dist/compiled/next-server/app-page.runtime.prod.js:12:66680)
    at nN (/Users/c02x6441jgh5/Documents/projects/NeuroWealth-Frontend/node_modules/next/dist/compiled/next-server/app-page.runtime.prod.js:12:64853)
    at nO (/Users/c02x6441jgh5/Documents/projects/NeuroWealth-Frontend/node_modules/next/dist/compiled/next-server/app-page.runtime.prod.js:12:46706)
    at nM (/Users/c02x6441jgh5/Documents/projects/NeuroWealth-Frontend/node_modules/next/dist/compiled/next-server/app-page.runtime.prod.js:12:47432) {
  digest: '4281764241'
}

Error occurred prerendering page "/dashboard/notifications". Read more: https://nextjs.org/docs/messages/prerender-error

ReferenceError: window is not defined
    at i (/Users/c02x6441jgh5/Documents/projects/NeuroWealth-Frontend/.next/server/chunks/5771.js:1:15819)
    at nj (/Users/c02x6441jgh5/Documents/projects/NeuroWealth-Frontend/node_modules/next/dist/compiled/next-server/app-page.runtime.prod.js:12:46251)
    at nM (/Users/c02x6441jgh5/Documents/projects/NeuroWealth-Frontend/node_modules/next/dist/compiled/next-server/app-page.runtime.prod.js:12:47571)
    at nM (/Users/c02x6441jgh5/Documents/projects/NeuroWealth-Frontend/node_modules/next/dist/compiled/next-server/app-page.runtime.prod.js:12:61546)
    at nN (/Users/c02x6441jgh5/Documents/projects/NeuroWealth-Frontend/node_modules/next/dist/compiled/next-server/app-page.runtime.prod.js:12:64546)
    at nB (/Users/c02x6441jgh5/Documents/projects/NeuroWealth-Frontend/node_modules/next/dist/compiled/next-server/app-page.runtime.prod.js:12:67538)
    at nD (/Users/c02x6441jgh5/Documents/projects/NeuroWealth-Frontend/node_modules/next/dist/compiled/next-server/app-page.runtime.prod.js:12:66680)
    at nN (/Users/c02x6441jgh5/Documents/projects/NeuroWealth-Frontend/node_modules/next/dist/compiled/next-server/app-page.runtime.prod.js:12:64853)
    at nO (/Users/c02x6441jgh5/Documents/projects/NeuroWealth-Frontend/node_modules/next/dist/compiled/next-server/app-page.runtime.prod.js:12:46706)
    at nM (/Users/c02x6441jgh5/Documents/projects/NeuroWealth-Frontend/node_modules/next/dist/compiled/next-server/app-page.runtime.prod.js:12:47432)
ReferenceError: window is not defined
    at i (/Users/c02x6441jgh5/Documents/projects/NeuroWealth-Frontend/.next/server/chunks/5771.js:1:15819)
    at nj (/Users/c02x6441jgh5/Documents/projects/NeuroWealth-Frontend/node_modules/next/dist/compiled/next-server/app-page.runtime.prod.js:12:46251)
    at nM (/Users/c02x6441jgh5/Documents/projects/NeuroWealth-Frontend/node_modules/next/dist/compiled/next-server/app-page.runtime.prod.js:12:47571)
    at nM (/Users/c02x6441jgh5/Documents/projects/NeuroWealth-Frontend/node_modules/next/dist/compiled/next-server/app-page.runtime.prod.js:12:61546)
    at nN (/Users/c02x6441jgh5/Documents/projects/NeuroWealth-Frontend/node_modules/next/dist/compiled/next-server/app-page.runtime.prod.js:12:64546)
    at nB (/Users/c02x6441jgh5/Documents/projects/NeuroWealth-Frontend/node_modules/next/dist/compiled/next-server/app-page.runtime.prod.js:12:67538)
    at nD (/Users/c02x6441jgh5/Documents/projects/NeuroWealth-Frontend/node_modules/next/dist/compiled/next-server/app-page.runtime.prod.js:12:66680)
    at nN (/Users/c02x6441jgh5/Documents/projects/NeuroWealth-Frontend/node_modules/next/dist/compiled/next-server/app-page.runtime.prod.js:12:64853)
    at nO (/Users/c02x6441jgh5/Documents/projects/NeuroWealth-Frontend/node_modules/next/dist/compiled/next-server/app-page.runtime.prod.js:12:46706)
    at nM (/Users/c02x6441jgh5/Documents/projects/NeuroWealth-Frontend/node_modules/next/dist/compiled/next-server/app-page.runtime.prod.js:12:47432) {
  digest: '4281764241'
}

Error occurred prerendering page "/dashboard/strategy". Read more: https://nextjs.org/docs/messages/prerender-error

ReferenceError: window is not defined
    at i (/Users/c02x6441jgh5/Documents/projects/NeuroWealth-Frontend/.next/server/chunks/5771.js:1:15819)
    at nj (/Users/c02x6441jgh5/Documents/projects/NeuroWealth-Frontend/node_modules/next/dist/compiled/next-server/app-page.runtime.prod.js:12:46251)
    at nM (/Users/c02x6441jgh5/Documents/projects/NeuroWealth-Frontend/node_modules/next/dist/compiled/next-server/app-page.runtime.prod.js:12:47571)
    at nM (/Users/c02x6441jgh5/Documents/projects/NeuroWealth-Frontend/node_modules/next/dist/compiled/next-server/app-page.runtime.prod.js:12:61546)
    at nN (/Users/c02x6441jgh5/Documents/projects/NeuroWealth-Frontend/node_modules/next/dist/compiled/next-server/app-page.runtime.prod.js:12:64546)
    at nB (/Users/c02x6441jgh5/Documents/projects/NeuroWealth-Frontend/node_modules/next/dist/compiled/next-server/app-page.runtime.prod.js:12:67538)
    at nD (/Users/c02x6441jgh5/Documents/projects/NeuroWealth-Frontend/node_modules/next/dist/compiled/next-server/app-page.runtime.prod.js:12:66680)
    at nN (/Users/c02x6441jgh5/Documents/projects/NeuroWealth-Frontend/node_modules/next/dist/compiled/next-server/app-page.runtime.prod.js:12:64853)
    at nO (/Users/c02x6441jgh5/Documents/projects/NeuroWealth-Frontend/node_modules/next/dist/compiled/next-server/app-page.runtime.prod.js:12:46706)
    at nM (/Users/c02x6441jgh5/Documents/projects/NeuroWealth-Frontend/node_modules/next/dist/compiled/next-server/app-page.runtime.prod.js:12:47432)
   Generating static pages (21/29) 
Error: Functions cannot be passed directly to Client Components unless you explicitly expose it by marking it with "use server". Or maybe you meant to call this function rather than return it.
  {$$typeof: ..., render: function, displayName: ...}
                          ^^^^^^^^
    at ek (/Users/c02x6441jgh5/Documents/projects/NeuroWealth-Frontend/node_modules/next/dist/compiled/next-server/app-page.runtime.prod.js:12:140735)
    at Object.toJSON (/Users/c02x6441jgh5/Documents/projects/NeuroWealth-Frontend/node_modules/next/dist/compiled/next-server/app-page.runtime.prod.js:12:135755)
    at stringify (<anonymous>)
    at eR (/Users/c02x6441jgh5/Documents/projects/NeuroWealth-Frontend/node_modules/next/dist/compiled/next-server/app-page.runtime.prod.js:12:142219)
    at eE (/Users/c02x6441jgh5/Documents/projects/NeuroWealth-Frontend/node_modules/next/dist/compiled/next-server/app-page.runtime.prod.js:12:142698)
    at AsyncLocalStorage.run (node:internal/async_local_storage/async_hooks:91:14)
    at Timeout._onTimeout (/Users/c02x6441jgh5/Documents/projects/NeuroWealth-Frontend/node_modules/next/dist/compiled/next-server/app-page.runtime.prod.js:12:150397)
    at listOnTimeout (node:internal/timers:594:17)
    at process.processTimers (node:internal/timers:529:7) {
  digest: '2464046004'
}
Error: Functions cannot be passed directly to Client Components unless you explicitly expose it by marking it with "use server". Or maybe you meant to call this function rather than return it.
  {$$typeof: ..., render: function, displayName: ...}
                          ^^^^^^^^
    at ek (/Users/c02x6441jgh5/Documents/projects/NeuroWealth-Frontend/node_modules/next/dist/compiled/next-server/app-page.runtime.prod.js:12:140735)
    at Object.toJSON (/Users/c02x6441jgh5/Documents/projects/NeuroWealth-Frontend/node_modules/next/dist/compiled/next-server/app-page.runtime.prod.js:12:135755)
    at stringify (<anonymous>)
    at eR (/Users/c02x6441jgh5/Documents/projects/NeuroWealth-Frontend/node_modules/next/dist/compiled/next-server/app-page.runtime.prod.js:12:142219)
    at eE (/Users/c02x6441jgh5/Documents/projects/NeuroWealth-Frontend/node_modules/next/dist/compiled/next-server/app-page.runtime.prod.js:12:142698)
    at Timeout._onTimeout (/Users/c02x6441jgh5/Documents/projects/NeuroWealth-Frontend/node_modules/next/dist/compiled/next-server/app-page.runtime.prod.js:12:135475)
    at listOnTimeout (node:internal/timers:594:17)
    at process.processTimers (node:internal/timers:529:7) {
  digest: '943509148'
}
Error: Functions cannot be passed directly to Client Components unless you explicitly expose it by marking it with "use server". Or maybe you meant to call this function rather than return it.
  {$$typeof: ..., render: function, displayName: ...}
                          ^^^^^^^^
    at ek (/Users/c02x6441jgh5/Documents/projects/NeuroWealth-Frontend/node_modules/next/dist/compiled/next-server/app-page.runtime.prod.js:12:140735)
    at Object.toJSON (/Users/c02x6441jgh5/Documents/projects/NeuroWealth-Frontend/node_modules/next/dist/compiled/next-server/app-page.runtime.prod.js:12:135755)
    at stringify (<anonymous>)
    at eR (/Users/c02x6441jgh5/Documents/projects/NeuroWealth-Frontend/node_modules/next/dist/compiled/next-server/app-page.runtime.prod.js:12:142219)
    at eE (/Users/c02x6441jgh5/Documents/projects/NeuroWealth-Frontend/node_modules/next/dist/compiled/next-server/app-page.runtime.prod.js:12:142698)
    at Timeout._onTimeout (/Users/c02x6441jgh5/Documents/projects/NeuroWealth-Frontend/node_modules/next/dist/compiled/next-server/app-page.runtime.prod.js:12:135475)
    at listOnTimeout (node:internal/timers:594:17)
    at process.processTimers (node:internal/timers:529:7) {
  digest: '943509148'
}
ReferenceError: window is not defined
    at i (/Users/c02x6441jgh5/Documents/projects/NeuroWealth-Frontend/.next/server/chunks/5771.js:1:15819)
    at nj (/Users/c02x6441jgh5/Documents/projects/NeuroWealth-Frontend/node_modules/next/dist/compiled/next-server/app-page.runtime.prod.js:12:46251)
    at nM (/Users/c02x6441jgh5/Documents/projects/NeuroWealth-Frontend/node_modules/next/dist/compiled/next-server/app-page.runtime.prod.js:12:47571)
    at nM (/Users/c02x6441jgh5/Documents/projects/NeuroWealth-Frontend/node_modules/next/dist/compiled/next-server/app-page.runtime.prod.js:12:61546)
    at nN (/Users/c02x6441jgh5/Documents/projects/NeuroWealth-Frontend/node_modules/next/dist/compiled/next-server/app-page.runtime.prod.js:12:64546)
    at nB (/Users/c02x6441jgh5/Documents/projects/NeuroWealth-Frontend/node_modules/next/dist/compiled/next-server/app-page.runtime.prod.js:12:67538)
    at nD (/Users/c02x6441jgh5/Documents/projects/NeuroWealth-Frontend/node_modules/next/dist/compiled/next-server/app-page.runtime.prod.js:12:66680)
    at nN (/Users/c02x6441jgh5/Documents/projects/NeuroWealth-Frontend/node_modules/next/dist/compiled/next-server/app-page.runtime.prod.js:12:64853)
    at nO (/Users/c02x6441jgh5/Documents/projects/NeuroWealth-Frontend/node_modules/next/dist/compiled/next-server/app-page.runtime.prod.js:12:46706)
    at nM (/Users/c02x6441jgh5/Documents/projects/NeuroWealth-Frontend/node_modules/next/dist/compiled/next-server/app-page.runtime.prod.js:12:47432) {
  digest: '4281764241'
}

Error occurred prerendering page "/". Read more: https://nextjs.org/docs/messages/prerender-error

ReferenceError: window is not defined
    at i (/Users/c02x6441jgh5/Documents/projects/NeuroWealth-Frontend/.next/server/chunks/5771.js:1:15819)
    at nj (/Users/c02x6441jgh5/Documents/projects/NeuroWealth-Frontend/node_modules/next/dist/compiled/next-server/app-page.runtime.prod.js:12:46251)
    at nM (/Users/c02x6441jgh5/Documents/projects/NeuroWealth-Frontend/node_modules/next/dist/compiled/next-server/app-page.runtime.prod.js:12:47571)
    at nM (/Users/c02x6441jgh5/Documents/projects/NeuroWealth-Frontend/node_modules/next/dist/compiled/next-server/app-page.runtime.prod.js:12:61546)
    at nN (/Users/c02x6441jgh5/Documents/projects/NeuroWealth-Frontend/node_modules/next/dist/compiled/next-server/app-page.runtime.prod.js:12:64546)
    at nB (/Users/c02x6441jgh5/Documents/projects/NeuroWealth-Frontend/node_modules/next/dist/compiled/next-server/app-page.runtime.prod.js:12:67538)
    at nD (/Users/c02x6441jgh5/Documents/projects/NeuroWealth-Frontend/node_modules/next/dist/compiled/next-server/app-page.runtime.prod.js:12:66680)
    at nN (/Users/c02x6441jgh5/Documents/projects/NeuroWealth-Frontend/node_modules/next/dist/compiled/next-server/app-page.runtime.prod.js:12:64853)
    at nO (/Users/c02x6441jgh5/Documents/projects/NeuroWealth-Frontend/node_modules/next/dist/compiled/next-server/app-page.runtime.prod.js:12:46706)
    at nM (/Users/c02x6441jgh5/Documents/projects/NeuroWealth-Frontend/node_modules/next/dist/compiled/next-server/app-page.runtime.prod.js:12:47432)
Error: Functions cannot be passed directly to Client Components unless you explicitly expose it by marking it with "use server". Or maybe you meant to call this function rather than return it.
  {$$typeof: ..., render: function, displayName: ...}
                          ^^^^^^^^
    at ek (/Users/c02x6441jgh5/Documents/projects/NeuroWealth-Frontend/node_modules/next/dist/compiled/next-server/app-page.runtime.prod.js:12:140735)
    at Object.toJSON (/Users/c02x6441jgh5/Documents/projects/NeuroWealth-Frontend/node_modules/next/dist/compiled/next-server/app-page.runtime.prod.js:12:135755)
    at stringify (<anonymous>)
    at eR (/Users/c02x6441jgh5/Documents/projects/NeuroWealth-Frontend/node_modules/next/dist/compiled/next-server/app-page.runtime.prod.js:12:142219)
    at eE (/Users/c02x6441jgh5/Documents/projects/NeuroWealth-Frontend/node_modules/next/dist/compiled/next-server/app-page.runtime.prod.js:12:142698)
    at AsyncLocalStorage.run (node:internal/async_local_storage/async_hooks:91:14)
    at Timeout._onTimeout (/Users/c02x6441jgh5/Documents/projects/NeuroWealth-Frontend/node_modules/next/dist/compiled/next-server/app-page.runtime.prod.js:12:150397)
    at listOnTimeout (node:internal/timers:594:17)
    at process.processTimers (node:internal/timers:529:7) {
  digest: '2464046004'
}
Error: Functions cannot be passed directly to Client Components unless you explicitly expose it by marking it with "use server". Or maybe you meant to call this function rather than return it.
  {$$typeof: ..., render: function, displayName: ...}
                          ^^^^^^^^
    at ek (/Users/c02x6441jgh5/Documents/projects/NeuroWealth-Frontend/node_modules/next/dist/compiled/next-server/app-page.runtime.prod.js:12:140735)
    at Object.toJSON (/Users/c02x6441jgh5/Documents/projects/NeuroWealth-Frontend/node_modules/next/dist/compiled/next-server/app-page.runtime.prod.js:12:135755)
    at stringify (<anonymous>)
    at eR (/Users/c02x6441jgh5/Documents/projects/NeuroWealth-Frontend/node_modules/next/dist/compiled/next-server/app-page.runtime.prod.js:12:142219)
    at eE (/Users/c02x6441jgh5/Documents/projects/NeuroWealth-Frontend/node_modules/next/dist/compiled/next-server/app-page.runtime.prod.js:12:142698)
    at Timeout._onTimeout (/Users/c02x6441jgh5/Documents/projects/NeuroWealth-Frontend/node_modules/next/dist/compiled/next-server/app-page.runtime.prod.js:12:135475)
    at listOnTimeout (node:internal/timers:594:17)
    at process.processTimers (node:internal/timers:529:7) {
  digest: '943509148'
}
Error: Functions cannot be passed directly to Client Components unless you explicitly expose it by marking it with "use server". Or maybe you meant to call this function rather than return it.
  {$$typeof: ..., render: function, displayName: ...}
                          ^^^^^^^^
    at ek (/Users/c02x6441jgh5/Documents/projects/NeuroWealth-Frontend/node_modules/next/dist/compiled/next-server/app-page.runtime.prod.js:12:140735)
    at Object.toJSON (/Users/c02x6441jgh5/Documents/projects/NeuroWealth-Frontend/node_modules/next/dist/compiled/next-server/app-page.runtime.prod.js:12:135755)
    at stringify (<anonymous>)
    at eR (/Users/c02x6441jgh5/Documents/projects/NeuroWealth-Frontend/node_modules/next/dist/compiled/next-server/app-page.runtime.prod.js:12:142219)
    at eE (/Users/c02x6441jgh5/Documents/projects/NeuroWealth-Frontend/node_modules/next/dist/compiled/next-server/app-page.runtime.prod.js:12:142698)
    at Timeout._onTimeout (/Users/c02x6441jgh5/Documents/projects/NeuroWealth-Frontend/node_modules/next/dist/compiled/next-server/app-page.runtime.prod.js:12:135475)
    at listOnTimeout (node:internal/timers:594:17)
    at process.processTimers (node:internal/timers:529:7) {
  digest: '943509148'
}
ReferenceError: window is not defined
    at i (/Users/c02x6441jgh5/Documents/projects/NeuroWealth-Frontend/.next/server/chunks/5771.js:1:15819)
    at nj (/Users/c02x6441jgh5/Documents/projects/NeuroWealth-Frontend/node_modules/next/dist/compiled/next-server/app-page.runtime.prod.js:12:46251)
    at nM (/Users/c02x6441jgh5/Documents/projects/NeuroWealth-Frontend/node_modules/next/dist/compiled/next-server/app-page.runtime.prod.js:12:47571)
    at nM (/Users/c02x6441jgh5/Documents/projects/NeuroWealth-Frontend/node_modules/next/dist/compiled/next-server/app-page.runtime.prod.js:12:61546)
    at nN (/Users/c02x6441jgh5/Documents/projects/NeuroWealth-Frontend/node_modules/next/dist/compiled/next-server/app-page.runtime.prod.js:12:64546)
    at nB (/Users/c02x6441jgh5/Documents/projects/NeuroWealth-Frontend/node_modules/next/dist/compiled/next-server/app-page.runtime.prod.js:12:67538)
    at nD (/Users/c02x6441jgh5/Documents/projects/NeuroWealth-Frontend/node_modules/next/dist/compiled/next-server/app-page.runtime.prod.js:12:66680)
    at nN (/Users/c02x6441jgh5/Documents/projects/NeuroWealth-Frontend/node_modules/next/dist/compiled/next-server/app-page.runtime.prod.js:12:64853)
    at nO (/Users/c02x6441jgh5/Documents/projects/NeuroWealth-Frontend/node_modules/next/dist/compiled/next-server/app-page.runtime.prod.js:12:46706)
    at nM (/Users/c02x6441jgh5/Documents/projects/NeuroWealth-Frontend/node_modules/next/dist/compiled/next-server/app-page.runtime.prod.js:12:47432) {
  digest: '4281764241'
}

Error occurred prerendering page "/settings". Read more: https://nextjs.org/docs/messages/prerender-error

ReferenceError: window is not defined
    at i (/Users/c02x6441jgh5/Documents/projects/NeuroWealth-Frontend/.next/server/chunks/5771.js:1:15819)
    at nj (/Users/c02x6441jgh5/Documents/projects/NeuroWealth-Frontend/node_modules/next/dist/compiled/next-server/app-page.runtime.prod.js:12:46251)
    at nM (/Users/c02x6441jgh5/Documents/projects/NeuroWealth-Frontend/node_modules/next/dist/compiled/next-server/app-page.runtime.prod.js:12:47571)
    at nM (/Users/c02x6441jgh5/Documents/projects/NeuroWealth-Frontend/node_modules/next/dist/compiled/next-server/app-page.runtime.prod.js:12:61546)
    at nN (/Users/c02x6441jgh5/Documents/projects/NeuroWealth-Frontend/node_modules/next/dist/compiled/next-server/app-page.runtime.prod.js:12:64546)
    at nB (/Users/c02x6441jgh5/Documents/projects/NeuroWealth-Frontend/node_modules/next/dist/compiled/next-server/app-page.runtime.prod.js:12:67538)
    at nD (/Users/c02x6441jgh5/Documents/projects/NeuroWealth-Frontend/node_modules/next/dist/compiled/next-server/app-page.runtime.prod.js:12:66680)
    at nN (/Users/c02x6441jgh5/Documents/projects/NeuroWealth-Frontend/node_modules/next/dist/compiled/next-server/app-page.runtime.prod.js:12:64853)
    at nO (/Users/c02x6441jgh5/Documents/projects/NeuroWealth-Frontend/node_modules/next/dist/compiled/next-server/app-page.runtime.prod.js:12:46706)
    at nM (/Users/c02x6441jgh5/Documents/projects/NeuroWealth-Frontend/node_modules/next/dist/compiled/next-server/app-page.runtime.prod.js:12:47432)
ReferenceError: window is not defined
    at i (/Users/c02x6441jgh5/Documents/projects/NeuroWealth-Frontend/.next/server/chunks/5771.js:1:15819)
    at nj (/Users/c02x6441jgh5/Documents/projects/NeuroWealth-Frontend/node_modules/next/dist/compiled/next-server/app-page.runtime.prod.js:12:46251)
    at nM (/Users/c02x6441jgh5/Documents/projects/NeuroWealth-Frontend/node_modules/next/dist/compiled/next-server/app-page.runtime.prod.js:12:47571)
    at nM (/Users/c02x6441jgh5/Documents/projects/NeuroWealth-Frontend/node_modules/next/dist/compiled/next-server/app-page.runtime.prod.js:12:61546)
    at nN (/Users/c02x6441jgh5/Documents/projects/NeuroWealth-Frontend/node_modules/next/dist/compiled/next-server/app-page.runtime.prod.js:12:64546)
    at nB (/Users/c02x6441jgh5/Documents/projects/NeuroWealth-Frontend/node_modules/next/dist/compiled/next-server/app-page.runtime.prod.js:12:67538)
    at nD (/Users/c02x6441jgh5/Documents/projects/NeuroWealth-Frontend/node_modules/next/dist/compiled/next-server/app-page.runtime.prod.js:12:66680)
    at nN (/Users/c02x6441jgh5/Documents/projects/NeuroWealth-Frontend/node_modules/next/dist/compiled/next-server/app-page.runtime.prod.js:12:64853)
    at nO (/Users/c02x6441jgh5/Documents/projects/NeuroWealth-Frontend/node_modules/next/dist/compiled/next-server/app-page.runtime.prod.js:12:46706)
    at nM (/Users/c02x6441jgh5/Documents/projects/NeuroWealth-Frontend/node_modules/next/dist/compiled/next-server/app-page.runtime.prod.js:12:47432) {
  digest: '4281764241'
}

Error occurred prerendering page "/dashboard/history". Read more: https://nextjs.org/docs/messages/prerender-error

ReferenceError: window is not defined
    at i (/Users/c02x6441jgh5/Documents/projects/NeuroWealth-Frontend/.next/server/chunks/5771.js:1:15819)
    at nj (/Users/c02x6441jgh5/Documents/projects/NeuroWealth-Frontend/node_modules/next/dist/compiled/next-server/app-page.runtime.prod.js:12:46251)
    at nM (/Users/c02x6441jgh5/Documents/projects/NeuroWealth-Frontend/node_modules/next/dist/compiled/next-server/app-page.runtime.prod.js:12:47571)
    at nM (/Users/c02x6441jgh5/Documents/projects/NeuroWealth-Frontend/node_modules/next/dist/compiled/next-server/app-page.runtime.prod.js:12:61546)
    at nN (/Users/c02x6441jgh5/Documents/projects/NeuroWealth-Frontend/node_modules/next/dist/compiled/next-server/app-page.runtime.prod.js:12:64546)
    at nB (/Users/c02x6441jgh5/Documents/projects/NeuroWealth-Frontend/node_modules/next/dist/compiled/next-server/app-page.runtime.prod.js:12:67538)
    at nD (/Users/c02x6441jgh5/Documents/projects/NeuroWealth-Frontend/node_modules/next/dist/compiled/next-server/app-page.runtime.prod.js:12:66680)
    at nN (/Users/c02x6441jgh5/Documents/projects/NeuroWealth-Frontend/node_modules/next/dist/compiled/next-server/app-page.runtime.prod.js:12:64853)
    at nO (/Users/c02x6441jgh5/Documents/projects/NeuroWealth-Frontend/node_modules/next/dist/compiled/next-server/app-page.runtime.prod.js:12:46706)
    at nM (/Users/c02x6441jgh5/Documents/projects/NeuroWealth-Frontend/node_modules/next/dist/compiled/next-server/app-page.runtime.prod.js:12:47432)
ReferenceError: window is not defined
    at i (/Users/c02x6441jgh5/Documents/projects/NeuroWealth-Frontend/.next/server/chunks/5771.js:1:15819)
    at nj (/Users/c02x6441jgh5/Documents/projects/NeuroWealth-Frontend/node_modules/next/dist/compiled/next-server/app-page.runtime.prod.js:12:46251)
    at nM (/Users/c02x6441jgh5/Documents/projects/NeuroWealth-Frontend/node_modules/next/dist/compiled/next-server/app-page.runtime.prod.js:12:47571)
    at nM (/Users/c02x6441jgh5/Documents/projects/NeuroWealth-Frontend/node_modules/next/dist/compiled/next-server/app-page.runtime.prod.js:12:61546)
    at nN (/Users/c02x6441jgh5/Documents/projects/NeuroWealth-Frontend/node_modules/next/dist/compiled/next-server/app-page.runtime.prod.js:12:64546)
    at nB (/Users/c02x6441jgh5/Documents/projects/NeuroWealth-Frontend/node_modules/next/dist/compiled/next-server/app-page.runtime.prod.js:12:67538)
    at nD (/Users/c02x6441jgh5/Documents/projects/NeuroWealth-Frontend/node_modules/next/dist/compiled/next-server/app-page.runtime.prod.js:12:66680)
    at nN (/Users/c02x6441jgh5/Documents/projects/NeuroWealth-Frontend/node_modules/next/dist/compiled/next-server/app-page.runtime.prod.js:12:64853)
    at nO (/Users/c02x6441jgh5/Documents/projects/NeuroWealth-Frontend/node_modules/next/dist/compiled/next-server/app-page.runtime.prod.js:12:46706)
    at nM (/Users/c02x6441jgh5/Documents/projects/NeuroWealth-Frontend/node_modules/next/dist/compiled/next-server/app-page.runtime.prod.js:12:47432) {
  digest: '4281764241'
}

Error occurred prerendering page "/dashboard/settings". Read more: https://nextjs.org/docs/messages/prerender-error

ReferenceError: window is not defined
    at i (/Users/c02x6441jgh5/Documents/projects/NeuroWealth-Frontend/.next/server/chunks/5771.js:1:15819)
    at nj (/Users/c02x6441jgh5/Documents/projects/NeuroWealth-Frontend/node_modules/next/dist/compiled/next-server/app-page.runtime.prod.js:12:46251)
    at nM (/Users/c02x6441jgh5/Documents/projects/NeuroWealth-Frontend/node_modules/next/dist/compiled/next-server/app-page.runtime.prod.js:12:47571)
    at nM (/Users/c02x6441jgh5/Documents/projects/NeuroWealth-Frontend/node_modules/next/dist/compiled/next-server/app-page.runtime.prod.js:12:61546)
    at nN (/Users/c02x6441jgh5/Documents/projects/NeuroWealth-Frontend/node_modules/next/dist/compiled/next-server/app-page.runtime.prod.js:12:64546)
    at nB (/Users/c02x6441jgh5/Documents/projects/NeuroWealth-Frontend/node_modules/next/dist/compiled/next-server/app-page.runtime.prod.js:12:67538)
    at nD (/Users/c02x6441jgh5/Documents/projects/NeuroWealth-Frontend/node_modules/next/dist/compiled/next-server/app-page.runtime.prod.js:12:66680)
    at nN (/Users/c02x6441jgh5/Documents/projects/NeuroWealth-Frontend/node_modules/next/dist/compiled/next-server/app-page.runtime.prod.js:12:64853)
    at nO (/Users/c02x6441jgh5/Documents/projects/NeuroWealth-Frontend/node_modules/next/dist/compiled/next-server/app-page.runtime.prod.js:12:46706)
    at nM (/Users/c02x6441jgh5/Documents/projects/NeuroWealth-Frontend/node_modules/next/dist/compiled/next-server/app-page.runtime.prod.js:12:47432)
ReferenceError: window is not defined
    at i (/Users/c02x6441jgh5/Documents/projects/NeuroWealth-Frontend/.next/server/chunks/5771.js:1:15819)
    at nj (/Users/c02x6441jgh5/Documents/projects/NeuroWealth-Frontend/node_modules/next/dist/compiled/next-server/app-page.runtime.prod.js:12:46251)
    at nM (/Users/c02x6441jgh5/Documents/projects/NeuroWealth-Frontend/node_modules/next/dist/compiled/next-server/app-page.runtime.prod.js:12:47571)
    at nM (/Users/c02x6441jgh5/Documents/projects/NeuroWealth-Frontend/node_modules/next/dist/compiled/next-server/app-page.runtime.prod.js:12:61546)
    at nN (/Users/c02x6441jgh5/Documents/projects/NeuroWealth-Frontend/node_modules/next/dist/compiled/next-server/app-page.runtime.prod.js:12:64546)
    at nB (/Users/c02x6441jgh5/Documents/projects/NeuroWealth-Frontend/node_modules/next/dist/compiled/next-server/app-page.runtime.prod.js:12:67538)
    at nD (/Users/c02x6441jgh5/Documents/projects/NeuroWealth-Frontend/node_modules/next/dist/compiled/next-server/app-page.runtime.prod.js:12:66680)
    at nN (/Users/c02x6441jgh5/Documents/projects/NeuroWealth-Frontend/node_modules/next/dist/compiled/next-server/app-page.runtime.prod.js:12:64853)
    at nO (/Users/c02x6441jgh5/Documents/projects/NeuroWealth-Frontend/node_modules/next/dist/compiled/next-server/app-page.runtime.prod.js:12:46706)
    at nM (/Users/c02x6441jgh5/Documents/projects/NeuroWealth-Frontend/node_modules/next/dist/compiled/next-server/app-page.runtime.prod.js:12:47432) {
  digest: '4281764241'
}

Error occurred prerendering page "/dashboard/settings/preferences". Read more: https://nextjs.org/docs/messages/prerender-error

ReferenceError: window is not defined
    at i (/Users/c02x6441jgh5/Documents/projects/NeuroWealth-Frontend/.next/server/chunks/5771.js:1:15819)
    at nj (/Users/c02x6441jgh5/Documents/projects/NeuroWealth-Frontend/node_modules/next/dist/compiled/next-server/app-page.runtime.prod.js:12:46251)
    at nM (/Users/c02x6441jgh5/Documents/projects/NeuroWealth-Frontend/node_modules/next/dist/compiled/next-server/app-page.runtime.prod.js:12:47571)
    at nM (/Users/c02x6441jgh5/Documents/projects/NeuroWealth-Frontend/node_modules/next/dist/compiled/next-server/app-page.runtime.prod.js:12:61546)
    at nN (/Users/c02x6441jgh5/Documents/projects/NeuroWealth-Frontend/node_modules/next/dist/compiled/next-server/app-page.runtime.prod.js:12:64546)
    at nB (/Users/c02x6441jgh5/Documents/projects/NeuroWealth-Frontend/node_modules/next/dist/compiled/next-server/app-page.runtime.prod.js:12:67538)
    at nD (/Users/c02x6441jgh5/Documents/projects/NeuroWealth-Frontend/node_modules/next/dist/compiled/next-server/app-page.runtime.prod.js:12:66680)
    at nN (/Users/c02x6441jgh5/Documents/projects/NeuroWealth-Frontend/node_modules/next/dist/compiled/next-server/app-page.runtime.prod.js:12:64853)
    at nO (/Users/c02x6441jgh5/Documents/projects/NeuroWealth-Frontend/node_modules/next/dist/compiled/next-server/app-page.runtime.prod.js:12:46706)
    at nM (/Users/c02x6441jgh5/Documents/projects/NeuroWealth-Frontend/node_modules/next/dist/compiled/next-server/app-page.runtime.prod.js:12:47432)
ReferenceError: window is not defined
    at i (/Users/c02x6441jgh5/Documents/projects/NeuroWealth-Frontend/.next/server/chunks/5771.js:1:15819)
    at nj (/Users/c02x6441jgh5/Documents/projects/NeuroWealth-Frontend/node_modules/next/dist/compiled/next-server/app-page.runtime.prod.js:12:46251)
    at nM (/Users/c02x6441jgh5/Documents/projects/NeuroWealth-Frontend/node_modules/next/dist/compiled/next-server/app-page.runtime.prod.js:12:47571)
    at nM (/Users/c02x6441jgh5/Documents/projects/NeuroWealth-Frontend/node_modules/next/dist/compiled/next-server/app-page.runtime.prod.js:12:61546)
    at nN (/Users/c02x6441jgh5/Documents/projects/NeuroWealth-Frontend/node_modules/next/dist/compiled/next-server/app-page.runtime.prod.js:12:64546)
    at nB (/Users/c02x6441jgh5/Documents/projects/NeuroWealth-Frontend/node_modules/next/dist/compiled/next-server/app-page.runtime.prod.js:12:67538)
    at nD (/Users/c02x6441jgh5/Documents/projects/NeuroWealth-Frontend/node_modules/next/dist/compiled/next-server/app-page.runtime.prod.js:12:66680)
    at nN (/Users/c02x6441jgh5/Documents/projects/NeuroWealth-Frontend/node_modules/next/dist/compiled/next-server/app-page.runtime.prod.js:12:64853)
    at nO (/Users/c02x6441jgh5/Documents/projects/NeuroWealth-Frontend/node_modules/next/dist/compiled/next-server/app-page.runtime.prod.js:12:46706)
    at nM (/Users/c02x6441jgh5/Documents/projects/NeuroWealth-Frontend/node_modules/next/dist/compiled/next-server/app-page.runtime.prod.js:12:47432) {
  digest: '4281764241'
}

Error occurred prerendering page "/dashboard/settings/notifications". Read more: https://nextjs.org/docs/messages/prerender-error

ReferenceError: window is not defined
    at i (/Users/c02x6441jgh5/Documents/projects/NeuroWealth-Frontend/.next/server/chunks/5771.js:1:15819)
    at nj (/Users/c02x6441jgh5/Documents/projects/NeuroWealth-Frontend/node_modules/next/dist/compiled/next-server/app-page.runtime.prod.js:12:46251)
    at nM (/Users/c02x6441jgh5/Documents/projects/NeuroWealth-Frontend/node_modules/next/dist/compiled/next-server/app-page.runtime.prod.js:12:47571)
    at nM (/Users/c02x6441jgh5/Documents/projects/NeuroWealth-Frontend/node_modules/next/dist/compiled/next-server/app-page.runtime.prod.js:12:61546)
    at nN (/Users/c02x6441jgh5/Documents/projects/NeuroWealth-Frontend/node_modules/next/dist/compiled/next-server/app-page.runtime.prod.js:12:64546)
    at nB (/Users/c02x6441jgh5/Documents/projects/NeuroWealth-Frontend/node_modules/next/dist/compiled/next-server/app-page.runtime.prod.js:12:67538)
    at nD (/Users/c02x6441jgh5/Documents/projects/NeuroWealth-Frontend/node_modules/next/dist/compiled/next-server/app-page.runtime.prod.js:12:66680)
    at nN (/Users/c02x6441jgh5/Documents/projects/NeuroWealth-Frontend/node_modules/next/dist/compiled/next-server/app-page.runtime.prod.js:12:64853)
    at nO (/Users/c02x6441jgh5/Documents/projects/NeuroWealth-Frontend/node_modules/next/dist/compiled/next-server/app-page.runtime.prod.js:12:46706)
    at nM (/Users/c02x6441jgh5/Documents/projects/NeuroWealth-Frontend/node_modules/next/dist/compiled/next-server/app-page.runtime.prod.js:12:47432)
 ⚠ Sending SIGTERM signal to static worker due to timeout of 60 seconds. Subsequent errors may be a result of the worker exiting.
 ⚠ Restarted static page generation for /dashboard/portfolio because it took more than 60 seconds
 ⚠ See more info here https://nextjs.org/docs/messages/static-page-generation-timeout
 ⚠ Restarted static page generation for /dashboard/activity because it took more than 60 seconds
Error: Functions cannot be passed directly to Client Components unless you explicitly expose it by marking it with "use server". Or maybe you meant to call this function rather than return it.
  {$$typeof: ..., render: function, displayName: ...}
                          ^^^^^^^^
    at ek (/Users/c02x6441jgh5/Documents/projects/NeuroWealth-Frontend/node_modules/next/dist/compiled/next-server/app-page.runtime.prod.js:12:140735)
    at Object.toJSON (/Users/c02x6441jgh5/Documents/projects/NeuroWealth-Frontend/node_modules/next/dist/compiled/next-server/app-page.runtime.prod.js:12:135755)
    at stringify (<anonymous>)
    at eR (/Users/c02x6441jgh5/Documents/projects/NeuroWealth-Frontend/node_modules/next/dist/compiled/next-server/app-page.runtime.prod.js:12:142219)
    at eE (/Users/c02x6441jgh5/Documents/projects/NeuroWealth-Frontend/node_modules/next/dist/compiled/next-server/app-page.runtime.prod.js:12:142698)
    at AsyncLocalStorage.run (node:internal/async_local_storage/async_hooks:91:14)
    at Timeout._onTimeout (/Users/c02x6441jgh5/Documents/projects/NeuroWealth-Frontend/node_modules/next/dist/compiled/next-server/app-page.runtime.prod.js:12:150397)
    at listOnTimeout (node:internal/timers:594:17)
    at process.processTimers (node:internal/timers:529:7) {
  digest: '2464046004'
}
Error: Functions cannot be passed directly to Client Components unless you explicitly expose it by marking it with "use server". Or maybe you meant to call this function rather than return it.
  {$$typeof: ..., render: function, displayName: ...}
                          ^^^^^^^^
    at ek (/Users/c02x6441jgh5/Documents/projects/NeuroWealth-Frontend/node_modules/next/dist/compiled/next-server/app-page.runtime.prod.js:12:140735)
    at Object.toJSON (/Users/c02x6441jgh5/Documents/projects/NeuroWealth-Frontend/node_modules/next/dist/compiled/next-server/app-page.runtime.prod.js:12:135755)
    at stringify (<anonymous>)
    at eR (/Users/c02x6441jgh5/Documents/projects/NeuroWealth-Frontend/node_modules/next/dist/compiled/next-server/app-page.runtime.prod.js:12:142219)
    at eE (/Users/c02x6441jgh5/Documents/projects/NeuroWealth-Frontend/node_modules/next/dist/compiled/next-server/app-page.runtime.prod.js:12:142698)
    at AsyncLocalStorage.run (node:internal/async_local_storage/async_hooks:91:14)
    at Timeout._onTimeout (/Users/c02x6441jgh5/Documents/projects/NeuroWealth-Frontend/node_modules/next/dist/compiled/next-server/app-page.runtime.prod.js:12:150397)
    at listOnTimeout (node:internal/timers:594:17)
    at process.processTimers (node:internal/timers:529:7) {
  digest: '2464046004'
}
Error: Functions cannot be passed directly to Client Components unless you explicitly expose it by marking it with "use server". Or maybe you meant to call this function rather than return it.
  {$$typeof: ..., render: function, displayName: ...}
                          ^^^^^^^^
    at ek (/Users/c02x6441jgh5/Documents/projects/NeuroWealth-Frontend/node_modules/next/dist/compiled/next-server/app-page.runtime.prod.js:12:140735)
    at Object.toJSON (/Users/c02x6441jgh5/Documents/projects/NeuroWealth-Frontend/node_modules/next/dist/compiled/next-server/app-page.runtime.prod.js:12:135755)
    at stringify (<anonymous>)
    at eR (/Users/c02x6441jgh5/Documents/projects/NeuroWealth-Frontend/node_modules/next/dist/compiled/next-server/app-page.runtime.prod.js:12:142219)
    at eE (/Users/c02x6441jgh5/Documents/projects/NeuroWealth-Frontend/node_modules/next/dist/compiled/next-server/app-page.runtime.prod.js:12:142698)
    at Timeout._onTimeout (/Users/c02x6441jgh5/Documents/projects/NeuroWealth-Frontend/node_modules/next/dist/compiled/next-server/app-page.runtime.prod.js:12:135475)
    at listOnTimeout (node:internal/timers:594:17)
    at process.processTimers (node:internal/timers:529:7) {
  digest: '943509148'
}
Error: Functions cannot be passed directly to Client Components unless you explicitly expose it by marking it with "use server". Or maybe you meant to call this function rather than return it.
  {$$typeof: ..., render: function, displayName: ...}
                          ^^^^^^^^
    at ek (/Users/c02x6441jgh5/Documents/projects/NeuroWealth-Frontend/node_modules/next/dist/compiled/next-server/app-page.runtime.prod.js:12:140735)
    at Object.toJSON (/Users/c02x6441jgh5/Documents/projects/NeuroWealth-Frontend/node_modules/next/dist/compiled/next-server/app-page.runtime.prod.js:12:135755)
    at stringify (<anonymous>)
    at eR (/Users/c02x6441jgh5/Documents/projects/NeuroWealth-Frontend/node_modules/next/dist/compiled/next-server/app-page.runtime.prod.js:12:142219)
    at eE (/Users/c02x6441jgh5/Documents/projects/NeuroWealth-Frontend/node_modules/next/dist/compiled/next-server/app-page.runtime.prod.js:12:142698)
    at Timeout._onTimeout (/Users/c02x6441jgh5/Documents/projects/NeuroWealth-Frontend/node_modules/next/dist/compiled/next-server/app-page.runtime.prod.js:12:135475)
    at listOnTimeout (node:internal/timers:594:17)
    at process.processTimers (node:internal/timers:529:7) {
  digest: '943509148'
}
Error: Functions cannot be passed directly to Client Components unless you explicitly expose it by marking it with "use server". Or maybe you meant to call this function rather than return it.
  {$$typeof: ..., render: function, displayName: ...}
                          ^^^^^^^^
    at ek (/Users/c02x6441jgh5/Documents/projects/NeuroWealth-Frontend/node_modules/next/dist/compiled/next-server/app-page.runtime.prod.js:12:140735)
    at Object.toJSON (/Users/c02x6441jgh5/Documents/projects/NeuroWealth-Frontend/node_modules/next/dist/compiled/next-server/app-page.runtime.prod.js:12:135755)
    at stringify (<anonymous>)
    at eR (/Users/c02x6441jgh5/Documents/projects/NeuroWealth-Frontend/node_modules/next/dist/compiled/next-server/app-page.runtime.prod.js:12:142219)
    at eE (/Users/c02x6441jgh5/Documents/projects/NeuroWealth-Frontend/node_modules/next/dist/compiled/next-server/app-page.runtime.prod.js:12:142698)
    at Timeout._onTimeout (/Users/c02x6441jgh5/Documents/projects/NeuroWealth-Frontend/node_modules/next/dist/compiled/next-server/app-page.runtime.prod.js:12:135475)
    at listOnTimeout (node:internal/timers:594:17)
    at process.processTimers (node:internal/timers:529:7) {
  digest: '943509148'
}
Error: Functions cannot be passed directly to Client Components unless you explicitly expose it by marking it with "use server". Or maybe you meant to call this function rather than return it.
  {$$typeof: ..., render: function, displayName: ...}
                          ^^^^^^^^
    at ek (/Users/c02x6441jgh5/Documents/projects/NeuroWealth-Frontend/node_modules/next/dist/compiled/next-server/app-page.runtime.prod.js:12:140735)
    at Object.toJSON (/Users/c02x6441jgh5/Documents/projects/NeuroWealth-Frontend/node_modules/next/dist/compiled/next-server/app-page.runtime.prod.js:12:135755)
    at stringify (<anonymous>)
    at eR (/Users/c02x6441jgh5/Documents/projects/NeuroWealth-Frontend/node_modules/next/dist/compiled/next-server/app-page.runtime.prod.js:12:142219)
    at eE (/Users/c02x6441jgh5/Documents/projects/NeuroWealth-Frontend/node_modules/next/dist/compiled/next-server/app-page.runtime.prod.js:12:142698)
    at Timeout._onTimeout (/Users/c02x6441jgh5/Documents/projects/NeuroWealth-Frontend/node_modules/next/dist/compiled/next-server/app-page.runtime.prod.js:12:135475)
    at listOnTimeout (node:internal/timers:594:17)
    at process.processTimers (node:internal/timers:529:7) {
  digest: '943509148'
}
 ⚠ Sending SIGTERM signal to static worker due to timeout of 60 seconds. Subsequent errors may be a result of the worker exiting.
 ⨯ Static worker exited with code: null and signal: SIGTERM
 ⨯ Static worker exited with code: null and signal: SIGTERM
 ⨯ Static worker exited with code: null and signal: SIGTERM
 ⨯ Static worker exited with code: null and signal: SIGTERM
 ⨯ Static worker exited with code: null and signal: SIGTERM
 ⨯ Static worker exited with code: null and signal: SIGTERM
 ⚠ Restarted static page generation for /dashboard/portfolio because it took more than 60 seconds
 ⚠ Restarted static page generation for /dashboard/activity because it took more than 60 seconds
Error: Functions cannot be passed directly to Client Components unless you explicitly expose it by marking it with "use server". Or maybe you meant to call this function rather than return it.
  {$$typeof: ..., render: function, displayName: ...}
                          ^^^^^^^^
    at ek (/Users/c02x6441jgh5/Documents/projects/NeuroWealth-Frontend/node_modules/next/dist/compiled/next-server/app-page.runtime.prod.js:12:140735)
    at Object.toJSON (/Users/c02x6441jgh5/Documents/projects/NeuroWealth-Frontend/node_modules/next/dist/compiled/next-server/app-page.runtime.prod.js:12:135755)
    at stringify (<anonymous>)
    at eR (/Users/c02x6441jgh5/Documents/projects/NeuroWealth-Frontend/node_modules/next/dist/compiled/next-server/app-page.runtime.prod.js:12:142219)
    at eE (/Users/c02x6441jgh5/Documents/projects/NeuroWealth-Frontend/node_modules/next/dist/compiled/next-server/app-page.runtime.prod.js:12:142698)
    at AsyncLocalStorage.run (node:internal/async_local_storage/async_hooks:91:14)
    at Timeout._onTimeout (/Users/c02x6441jgh5/Documents/projects/NeuroWealth-Frontend/node_modules/next/dist/compiled/next-server/app-page.runtime.prod.js:12:150397)
    at listOnTimeout (node:internal/timers:594:17)
    at process.processTimers (node:internal/timers:529:7) {
  digest: '2464046004'
}
Error: Functions cannot be passed directly to Client Components unless you explicitly expose it by marking it with "use server". Or maybe you meant to call this function rather than return it.
  {$$typeof: ..., render: function, displayName: ...}
                          ^^^^^^^^
    at ek (/Users/c02x6441jgh5/Documents/projects/NeuroWealth-Frontend/node_modules/next/dist/compiled/next-server/app-page.runtime.prod.js:12:140735)
    at Object.toJSON (/Users/c02x6441jgh5/Documents/projects/NeuroWealth-Frontend/node_modules/next/dist/compiled/next-server/app-page.runtime.prod.js:12:135755)
    at stringify (<anonymous>)
    at eR (/Users/c02x6441jgh5/Documents/projects/NeuroWealth-Frontend/node_modules/next/dist/compiled/next-server/app-page.runtime.prod.js:12:142219)
    at eE (/Users/c02x6441jgh5/Documents/projects/NeuroWealth-Frontend/node_modules/next/dist/compiled/next-server/app-page.runtime.prod.js:12:142698)
    at AsyncLocalStorage.run (node:internal/async_local_storage/async_hooks:91:14)
    at Timeout._onTimeout (/Users/c02x6441jgh5/Documents/projects/NeuroWealth-Frontend/node_modules/next/dist/compiled/next-server/app-page.runtime.prod.js:12:150397)
    at listOnTimeout (node:internal/timers:594:17)
    at process.processTimers (node:internal/timers:529:7) {
  digest: '2464046004'
}
Error: Functions cannot be passed directly to Client Components unless you explicitly expose it by marking it with "use server". Or maybe you meant to call this function rather than return it.
  {$$typeof: ..., render: function, displayName: ...}
                          ^^^^^^^^
    at ek (/Users/c02x6441jgh5/Documents/projects/NeuroWealth-Frontend/node_modules/next/dist/compiled/next-server/app-page.runtime.prod.js:12:140735)
    at Object.toJSON (/Users/c02x6441jgh5/Documents/projects/NeuroWealth-Frontend/node_modules/next/dist/compiled/next-server/app-page.runtime.prod.js:12:135755)
    at stringify (<anonymous>)
    at eR (/Users/c02x6441jgh5/Documents/projects/NeuroWealth-Frontend/node_modules/next/dist/compiled/next-server/app-page.runtime.prod.js:12:142219)
    at eE (/Users/c02x6441jgh5/Documents/projects/NeuroWealth-Frontend/node_modules/next/dist/compiled/next-server/app-page.runtime.prod.js:12:142698)
    at Timeout._onTimeout (/Users/c02x6441jgh5/Documents/projects/NeuroWealth-Frontend/node_modules/next/dist/compiled/next-server/app-page.runtime.prod.js:12:135475)
    at listOnTimeout (node:internal/timers:594:17)
    at process.processTimers (node:internal/timers:529:7) {
  digest: '943509148'
}
Error: Functions cannot be passed directly to Client Components unless you explicitly expose it by marking it with "use server". Or maybe you meant to call this function rather than return it.
  {$$typeof: ..., render: function, displayName: ...}
                          ^^^^^^^^
    at ek (/Users/c02x6441jgh5/Documents/projects/NeuroWealth-Frontend/node_modules/next/dist/compiled/next-server/app-page.runtime.prod.js:12:140735)
    at Object.toJSON (/Users/c02x6441jgh5/Documents/projects/NeuroWealth-Frontend/node_modules/next/dist/compiled/next-server/app-page.runtime.prod.js:12:135755)
    at stringify (<anonymous>)
    at eR (/Users/c02x6441jgh5/Documents/projects/NeuroWealth-Frontend/node_modules/next/dist/compiled/next-server/app-page.runtime.prod.js:12:142219)
    at eE (/Users/c02x6441jgh5/Documents/projects/NeuroWealth-Frontend/node_modules/next/dist/compiled/next-server/app-page.runtime.prod.js:12:142698)
    at Timeout._onTimeout (/Users/c02x6441jgh5/Documents/projects/NeuroWealth-Frontend/node_modules/next/dist/compiled/next-server/app-page.runtime.prod.js:12:135475)
    at listOnTimeout (node:internal/timers:594:17)
    at process.processTimers (node:internal/timers:529:7) {
  digest: '943509148'
}
Error: Functions cannot be passed directly to Client Components unless you explicitly expose it by marking it with "use server". Or maybe you meant to call this function rather than return it.
  {$$typeof: ..., render: function, displayName: ...}
                          ^^^^^^^^
    at ek (/Users/c02x6441jgh5/Documents/projects/NeuroWealth-Frontend/node_modules/next/dist/compiled/next-server/app-page.runtime.prod.js:12:140735)
    at Object.toJSON (/Users/c02x6441jgh5/Documents/projects/NeuroWealth-Frontend/node_modules/next/dist/compiled/next-server/app-page.runtime.prod.js:12:135755)
    at stringify (<anonymous>)
    at eR (/Users/c02x6441jgh5/Documents/projects/NeuroWealth-Frontend/node_modules/next/dist/compiled/next-server/app-page.runtime.prod.js:12:142219)
    at eE (/Users/c02x6441jgh5/Documents/projects/NeuroWealth-Frontend/node_modules/next/dist/compiled/next-server/app-page.runtime.prod.js:12:142698)
    at Timeout._onTimeout (/Users/c02x6441jgh5/Documents/projects/NeuroWealth-Frontend/node_modules/next/dist/compiled/next-server/app-page.runtime.prod.js:12:135475)
    at listOnTimeout (node:internal/timers:594:17)
    at process.processTimers (node:internal/timers:529:7) {
  digest: '943509148'
}
Error: Functions cannot be passed directly to Client Components unless you explicitly expose it by marking it with "use server". Or maybe you meant to call this function rather than return it.
  {$$typeof: ..., render: function, displayName: ...}
                          ^^^^^^^^
    at ek (/Users/c02x6441jgh5/Documents/projects/NeuroWealth-Frontend/node_modules/next/dist/compiled/next-server/app-page.runtime.prod.js:12:140735)
    at Object.toJSON (/Users/c02x6441jgh5/Documents/projects/NeuroWealth-Frontend/node_modules/next/dist/compiled/next-server/app-page.runtime.prod.js:12:135755)
    at stringify (<anonymous>)
    at eR (/Users/c02x6441jgh5/Documents/projects/NeuroWealth-Frontend/node_modules/next/dist/compiled/next-server/app-page.runtime.prod.js:12:142219)
    at eE (/Users/c02x6441jgh5/Documents/projects/NeuroWealth-Frontend/node_modules/next/dist/compiled/next-server/app-page.runtime.prod.js:12:142698)
    at Timeout._onTimeout (/Users/c02x6441jgh5/Documents/projects/NeuroWealth-Frontend/node_modules/next/dist/compiled/next-server/app-page.runtime.prod.js:12:135475)
    at listOnTimeout (node:internal/timers:594:17)
    at process.processTimers (node:internal/timers:529:7) {
  digest: '943509148'
}
 ⚠ Sending SIGTERM signal to static worker due to timeout of 60 seconds. Subsequent errors may be a result of the worker exiting.
 ⨯ Static worker exited with code: null and signal: SIGTERM
 ⨯ Static worker exited with code: null and signal: SIGTERM
 ⨯ Static worker exited with code: null and signal: SIGTERM
 ⨯ Static worker exited with code: null and signal: SIGTERM
 ⨯ Static worker exited with code: null and signal: SIGTERM
 ⨯ Static worker exited with code: null and signal: SIGTERM
 ⨯ Static worker exited with code: null and signal: SIGTERM
 ⨯ Static worker exited with code: null and signal: SIGTERM
 ⨯ Static worker exited with code: null and signal: SIGTERM

> Build error occurred
Error: Static page generation for /dashboard/portfolio is still timing out after 3 attempts. See more info here https://nextjs.org/docs/messages/static-page-generation-timeout
    at onRestart (/Users/c02x6441jgh5/Documents/projects/NeuroWealth-Frontend/node_modules/next/dist/build/index.js:293:27)
    at /Users/c02x6441jgh5/Documents/projects/NeuroWealth-Frontend/node_modules/next/dist/lib/worker.js:95:40
    at process.processTicksAndRejections (node:internal/process/task_queues:105:5)
    at async /Users/c02x6441jgh5/Documents/projects/NeuroWealth-Frontend/node_modules/next/dist/export/index.js:450:20
    at async Span.traceAsyncFn (/Users/c02x6441jgh5/Documents/projects/NeuroWealth-Frontend/node_modules/next/dist/trace/trace.js:154:20)
    at async /Users/c02x6441jgh5/Documents/projects/NeuroWealth-Frontend/node_modules/next/dist/export/index.js:448:24
    at async Promise.all (index 23)
    at async exportAppImpl (/Users/c02x6441jgh5/Documents/projects/NeuroWealth-Frontend/node_modules/next/dist/export/index.js:440:21)
    at async /Users/c02x6441jgh5/Documents/projects/NeuroWealth-Frontend/node_modules/next/dist/export/index.js:623:16
    at async Span.traceAsyncFn (/Users/c02x6441jgh5/Documents/projects/NeuroWealth-Frontend/node_modules/next/dist/trace/trace.js:154:20)
error Command failed with exit code 1.
info Visit https://yarnpkg.com/en/docs/cli/run for documentation about this command.
